09.01.2020 14:58:48:382		List of lesson is rewrited
09.01.2020 14:58:48:383		Proggram load sucseed number of lesson - 6
09.01.2020 14:58:50:579		Network setting is opened
09.01.2020 14:58:58:544		Connection-try start
09.01.2020 14:58:58:559		Connection try: 1 of 10
09.01.2020 14:58:58:564		Connected sucsseed by address: 127.0.0.1
09.01.2020 14:59:00:290		Network setting is closed
09.01.2020 14:59:01:822		Registration is began
09.01.2020 14:59:01:902		Test ClassLibrary2.Lesson is started
09.01.2020 14:59:05:383		Next clicked
09.01.2020 14:59:05:385		Registration is done
09.01.2020 14:59:05:946		Next clicked
09.01.2020 14:59:06:151		Next clicked
09.01.2020 14:59:06:326		Next clicked
09.01.2020 14:59:06:327		Added to pupil list:no
09.01.2020 14:59:06:331		Picture load failed , load error picture
09.01.2020 14:59:06:526		Next clicked
09.01.2020 14:59:06:526		Added to pupil list:no
09.01.2020 14:59:06:724		Next clicked
09.01.2020 14:59:07:565		Next clicked
09.01.2020 14:59:07:565		Added to pupil list:no
09.01.2020 14:59:08:339		Data send is end sucseed
09.01.2020 14:59:09:841		Save local end.Path: Tests\Save.sav
09.01.2020 14:59:09:847		End of test
