07.02.2021 14:41:01:32		Sending IP started
07.02.2021 14:41:01:149		Wait connection started , pupils - 1
07.02.2021 14:41:01:159		Listen data is start
07.02.2021 14:41:02:39		Send ip 1 of 61
07.02.2021 14:41:03:57		Send ip 2 of 61
07.02.2021 14:41:04:69		Send ip 3 of 61
07.02.2021 14:41:04:441		Send OK to try-connection request
07.02.2021 14:41:05:82		Send ip 4 of 61
07.02.2021 14:41:06:92		Send ip 5 of 61
07.02.2021 14:41:07:100		Send ip 6 of 61
07.02.2021 14:41:08:109		Send ip 7 of 61
07.02.2021 14:41:09:123		Send ip 8 of 61
07.02.2021 14:41:10:133		Send ip 9 of 61
07.02.2021 14:41:11:142		Send ip 10 of 61
07.02.2021 14:41:12:153		Send ip 11 of 61
07.02.2021 14:41:13:162		Send ip 12 of 61
07.02.2021 14:41:14:166		Send ip 13 of 61
07.02.2021 14:41:15:178		Send ip 14 of 61
07.02.2021 14:41:16:193		Send ip 15 of 61
07.02.2021 14:41:17:205		Send ip 16 of 61
07.02.2021 14:41:18:208		Send ip 17 of 61
07.02.2021 14:41:19:209		Send ip 18 of 61
07.02.2021 14:41:30:268		Send ip 19 of 61
07.02.2021 14:41:30:309		Wait connection end , all pupils send data
07.02.2021 14:41:31:276		Send ip 20 of 61
07.02.2021 14:41:32:283		Send ip 21 of 61
07.02.2021 14:41:33:295		Send ip 22 of 61
07.02.2021 14:41:34:311		Send ip 23 of 61
07.02.2021 14:41:35:322		Send ip 24 of 61
07.02.2021 14:41:36:324		Send ip 25 of 61
07.02.2021 14:41:37:340		Send ip 26 of 61
07.02.2021 14:41:38:349		Send ip 27 of 61
07.02.2021 14:41:39:355		Send ip 28 of 61
07.02.2021 14:41:40:261		Choosen show on Exel
07.02.2021 14:41:40:364		Send ip 29 of 61
07.02.2021 14:41:41:376		Send ip 30 of 61
07.02.2021 14:41:42:384		Send ip 31 of 61
07.02.2021 14:41:43:389		Send ip 32 of 61
07.02.2021 14:41:44:402		Send ip 33 of 61
07.02.2021 14:41:45:413		Send ip 34 of 61
07.02.2021 14:41:46:423		Send ip 35 of 61
07.02.2021 14:41:47:434		Send ip 36 of 61
07.02.2021 14:41:48:449		Send ip 37 of 61
07.02.2021 14:41:49:465		Send ip 38 of 61
07.02.2021 14:41:50:480		Send ip 39 of 61
07.02.2021 14:41:51:484		Send ip 40 of 61
07.02.2021 14:41:52:496		Send ip 41 of 61
07.02.2021 14:41:53:508		Send ip 42 of 61
07.02.2021 14:41:54:520		Send ip 43 of 61
07.02.2021 14:41:55:535		Send ip 44 of 61
07.02.2021 14:41:56:545		Send ip 45 of 61
07.02.2021 14:41:57:556		Send ip 46 of 61
07.02.2021 14:41:58:570		Send ip 47 of 61
07.02.2021 14:41:59:586		Send ip 48 of 61
07.02.2021 14:42:00:587		Send ip 49 of 61
07.02.2021 14:42:01:596		Send ip 50 of 61
07.02.2021 14:42:02:603		Send ip 51 of 61
07.02.2021 14:42:03:607		Send ip 52 of 61
07.02.2021 14:42:04:619		Send ip 53 of 61
07.02.2021 14:42:05:631		Send ip 54 of 61
07.02.2021 14:42:06:640		Send ip 55 of 61
07.02.2021 14:42:07:379		Form server is close
