20.11.2019 14:43:08:665		Test writer loaded
20.11.2019 14:43:11:265		New lesson created
20.11.2019 14:43:14:257		List of question rewrited
20.11.2019 14:43:16:460		Explanation setup opened
20.11.2019 14:43:30:314		Explanation setup opened
20.11.2019 14:43:56:300		Question setup opened
20.11.2019 14:44:06:687		Question setup opened
20.11.2019 14:44:11:723		Йquestion setup opened as rewrite
20.11.2019 14:44:12:736		Question create is done
20.11.2019 14:44:13:940		Explanation setup opened as rewrite
20.11.2019 14:44:15:630		Explanation create is done
20.11.2019 14:44:16:491		Йquestion setup opened as rewrite
20.11.2019 14:44:17:391		Question create is done
20.11.2019 14:44:18:609		Explanation setup opened
20.11.2019 14:44:31:320		Image question setup opened
20.11.2019 14:44:35:552		List of question rewrited
20.11.2019 14:44:36:385		List of question rewrited
20.11.2019 14:44:37:844		List of question rewrited
20.11.2019 14:44:38:118		List of question rewrited
20.11.2019 14:44:38:405		List of question rewrited
20.11.2019 14:44:38:632		List of question rewrited
20.11.2019 14:44:38:877		List of question rewrited
20.11.2019 14:44:39:90		List of question rewrited
20.11.2019 14:44:39:349		List of question rewrited
20.11.2019 14:44:39:562		List of question rewrited
20.11.2019 14:44:39:753		List of question rewrited
20.11.2019 14:44:39:966		List of question rewrited
20.11.2019 14:44:40:219		List of question rewrited
20.11.2019 14:44:40:649		List of question rewrited
20.11.2019 14:44:41:49		List of question rewrited
20.11.2019 14:44:41:269		List of question rewrited
20.11.2019 14:44:41:661		List of question rewrited
20.11.2019 14:44:42:35		List of question rewrited
20.11.2019 14:44:42:419		List of question rewrited
20.11.2019 14:44:43:42		Tests saved sucsseed
20.11.2019 14:46:03:933		Test writer loaded
20.11.2019 14:46:04:985		List of question rewrited
20.11.2019 14:46:16:705		New lesson created
20.11.2019 14:46:17:699		List of question rewrited
20.11.2019 14:46:18:407		Explanation setup opened
20.11.2019 14:46:25:664		Explanation setup opened
20.11.2019 14:46:36:799		Question setup opened
20.11.2019 14:46:40:391		Question setup opened
20.11.2019 14:46:44:427		Explanation setup opened
20.11.2019 14:46:54:431		Image question setup opened
20.11.2019 14:46:59:302		Tests saved sucsseed
20.11.2019 14:55:25:989		Test writer loaded
20.11.2019 14:55:27:491		List of question rewrited
20.11.2019 14:55:29:439		Explanation setup opened as rewrite
20.11.2019 14:55:37:880		Explanation create is done
20.11.2019 14:55:38:519		Tests saved sucsseed
20.11.2019 18:26:08:949		Test writer loaded
20.11.2019 18:26:19:261		New lesson created
20.11.2019 18:26:20:16		List of question rewrited
20.11.2019 18:26:39:868		Explanation setup opened
20.11.2019 18:27:16:776		Question setup opened
20.11.2019 18:27:28:786		Question setup opened
20.11.2019 18:27:55:114		Tests saved sucsseed
24.11.2019 11:52:33:409		Test writer loaded
24.11.2019 11:52:40:857		List of question rewrited
24.11.2019 11:52:43:431		Explanation setup opened as rewrite
24.11.2019 11:52:45:790		Explanation create is done
24.11.2019 11:52:46:447		Йquestion setup opened as rewrite
24.11.2019 11:52:47:170		Question create is done
24.11.2019 11:52:47:851		Йquestion setup opened as rewrite
24.11.2019 11:52:49:404		Question create is done
24.11.2019 11:52:50:846		Question setup opened
24.11.2019 11:52:54:624		Question setup opened
24.11.2019 11:52:56:798		Question setup opened
24.11.2019 11:52:59:712		Question setup opened
24.11.2019 11:53:01:354		Question setup opened
24.11.2019 11:53:03:112		Question setup opened
24.11.2019 11:53:04:990		Question setup opened
24.11.2019 11:53:06:658		Question setup opened
24.11.2019 11:53:09:765		Question setup opened
24.11.2019 11:53:11:354		Question setup opened
24.11.2019 11:53:12:890		Question setup opened
24.11.2019 11:53:14:665		Question setup opened
24.11.2019 11:53:16:376		Question setup opened
24.11.2019 11:53:18:268		Question setup opened
24.11.2019 11:53:20:848		Question setup opened
24.11.2019 11:53:22:935		Question setup opened
24.11.2019 11:53:25:67		Question setup opened
24.11.2019 11:53:26:854		Question setup opened
24.11.2019 11:53:28:972		Question setup opened
24.11.2019 11:53:32:992		Question setup opened
24.11.2019 11:53:34:234		Question setup opened
24.11.2019 11:53:36:553		Question setup opened
24.11.2019 11:53:38:845		Question setup opened
24.11.2019 11:53:41:431		Question setup opened
24.11.2019 11:53:44:40		Question setup opened
24.11.2019 11:53:46:468		Question setup opened
24.11.2019 11:53:49:814		Question setup opened
24.11.2019 11:54:05:321		Йquestion setup opened as rewrite
24.11.2019 11:54:08:479		Question setup opened
24.11.2019 11:54:11:35		Йquestion setup opened as rewrite
24.11.2019 11:54:14:506		Йquestion setup opened as rewrite
24.11.2019 11:54:16:483		Йquestion setup opened as rewrite
24.11.2019 11:54:18:90		Йquestion setup opened as rewrite
24.11.2019 11:54:18:786		Question create is done
24.11.2019 11:54:20:55		Йquestion setup opened as rewrite
24.11.2019 11:54:20:908		Question create is done
24.11.2019 11:54:21:515		Йquestion setup opened as rewrite
24.11.2019 11:54:23:869		Йquestion setup opened as rewrite
24.11.2019 11:54:31:421		Йquestion setup opened as rewrite
24.11.2019 11:54:32:959		Question create is done
24.11.2019 11:54:34:81		Question setup opened
24.11.2019 11:54:36:377		Question setup opened
24.11.2019 11:54:37:722		Question create is done
24.11.2019 11:54:38:713		Йquestion setup opened as rewrite
24.11.2019 11:54:39:810		Question create is done
24.11.2019 11:54:40:626		Question setup opened
24.11.2019 11:54:44:853		Question setup opened
24.11.2019 11:54:46:327		Question setup opened
24.11.2019 11:54:48:46		Question setup opened
24.11.2019 11:54:58:413		Йquestion setup opened as rewrite
24.11.2019 11:54:59:302		Question create is done
24.11.2019 11:55:00:430		Йquestion setup opened as rewrite
24.11.2019 11:55:01:460		Question create is done
24.11.2019 11:55:02:294		Йquestion setup opened as rewrite
24.11.2019 11:55:03:6		Question create is done
24.11.2019 11:55:03:785		Question setup opened
24.11.2019 11:55:06:901		Question setup opened
24.11.2019 11:55:09:524		Question setup opened
24.11.2019 11:55:11:885		Question setup opened
24.11.2019 11:55:14:575		Question setup opened
24.11.2019 11:55:20:126		Йquestion setup opened as rewrite
24.11.2019 11:55:21:194		Question create is done
24.11.2019 11:55:22:81		Explanation setup opened
24.11.2019 11:55:31:442		Explanation setup opened as rewrite
24.11.2019 11:55:32:328		Explanation create is done
24.11.2019 11:55:40:136		Tests saved sucsseed
26.11.2019 16:35:45:311		Test writer loaded
26.11.2019 16:35:51:538		List of question rewrited
26.11.2019 16:35:59:979		Йquestion setup opened as rewrite
26.11.2019 16:36:01:921		Question create is done
26.11.2019 16:37:21:662		Test writer loaded
26.11.2019 16:37:22:759		List of question rewrited
26.11.2019 16:37:27:148		Йquestion setup opened as rewrite
26.11.2019 16:37:28:165		Question create is done
26.11.2019 16:37:28:784		Йquestion setup opened as rewrite
26.11.2019 16:37:29:591		Question create is done
26.11.2019 16:37:29:991		Йquestion setup opened as rewrite
26.11.2019 16:37:30:865		Question create is done
26.11.2019 16:37:49:167		Test writer loaded
26.11.2019 16:37:50:965		List of question rewrited
26.11.2019 16:37:55:307		Йquestion setup opened as rewrite
26.11.2019 16:37:56:846		Question create is done
26.11.2019 16:37:57:228		Йquestion setup opened as rewrite
26.11.2019 16:37:57:954		Question create is done
26.11.2019 16:37:58:568		Йquestion setup opened as rewrite
26.11.2019 16:37:59:383		Question create is done
26.11.2019 16:37:59:814		Tests saved sucsseed
26.11.2019 16:38:15:328		Test writer loaded
26.11.2019 16:38:16:893		List of question rewrited
26.11.2019 16:38:21:556		Йquestion setup opened as rewrite
26.11.2019 16:38:22:694		Question create is done
26.11.2019 16:38:23:292		Йquestion setup opened as rewrite
26.11.2019 16:38:24:22		Question create is done
26.11.2019 16:38:25:66		Йquestion setup opened as rewrite
26.11.2019 16:38:25:858		Question create is done
26.11.2019 16:38:35:341		Test writer loaded
26.11.2019 16:38:36:841		List of question rewrited
26.11.2019 16:38:49:734		Test writer loaded
26.11.2019 16:38:51:47		List of question rewrited
26.11.2019 16:40:08:880		Test writer loaded
26.11.2019 16:41:10:364		Test writer loaded
26.11.2019 16:41:11:746		List of question rewrited
26.11.2019 16:41:17:247		Йquestion setup opened as rewrite
26.11.2019 16:41:18:91		Question create is done
26.11.2019 16:41:18:586		Йquestion setup opened as rewrite
26.11.2019 16:41:19:478		Question create is done
26.11.2019 16:41:20:325		Йquestion setup opened as rewrite
26.11.2019 16:41:21:183		Question create is done
26.11.2019 16:41:21:997		Йquestion setup opened as rewrite
26.11.2019 16:41:23:11		Question create is done
26.11.2019 16:41:23:719		Йquestion setup opened as rewrite
26.11.2019 16:41:25:139		Question create is done
26.11.2019 16:41:25:812		Йquestion setup opened as rewrite
26.11.2019 16:41:26:953		Question create is done
26.11.2019 16:41:27:671		Йquestion setup opened as rewrite
26.11.2019 16:41:28:469		Question create is done
26.11.2019 16:41:52:180		Йquestion setup opened as rewrite
26.11.2019 16:41:53:546		Question create is done
26.11.2019 16:41:54:113		Йquestion setup opened as rewrite
26.11.2019 16:41:55:777		Question create is done
26.11.2019 16:41:56:746		Йquestion setup opened as rewrite
26.11.2019 16:41:57:848		Question create is done
26.11.2019 16:42:00:525		Йquestion setup opened as rewrite
26.11.2019 16:42:01:405		Question create is done
26.11.2019 16:42:02:48		Йquestion setup opened as rewrite
26.11.2019 16:42:02:866		Question create is done
26.11.2019 16:42:15:187		Test writer loaded
26.11.2019 16:42:17:888		List of question rewrited
26.11.2019 16:42:18:308		List of question rewrited
26.11.2019 16:42:27:175		Йquestion setup opened as rewrite
26.11.2019 16:42:28:283		Question create is done
26.11.2019 16:42:28:868		Йquestion setup opened as rewrite
26.11.2019 16:42:29:649		Question create is done
26.11.2019 16:42:30:289		Йquestion setup opened as rewrite
26.11.2019 16:42:30:940		Question create is done
26.11.2019 16:42:32:439		Йquestion setup opened as rewrite
26.11.2019 16:42:33:466		Question create is done
26.11.2019 16:42:55:643		Test writer loaded
26.11.2019 16:42:56:856		List of question rewrited
26.11.2019 16:43:01:343		Йquestion setup opened as rewrite
26.11.2019 16:43:02:436		Question create is done
26.11.2019 16:43:02:909		Tests saved sucsseed
26.11.2019 17:25:45:957		Test writer loaded
26.11.2019 17:25:46:919		Tests saved sucsseed
26.11.2019 17:30:13:454		Test writer loaded
26.11.2019 17:30:14:671		List of question rewrited
26.11.2019 17:30:20:28		Йquestion setup opened as rewrite
26.11.2019 17:30:21:647		Question create is done
26.11.2019 17:30:22:143		Йquestion setup opened as rewrite
26.11.2019 17:30:23:3		Question create is done
26.11.2019 17:30:23:468		Йquestion setup opened as rewrite
26.11.2019 17:30:26:448		Question create is done
26.11.2019 17:30:27:222		Tests saved sucsseed
06.12.2019 17:07:33:316		Test writer loaded
06.12.2019 17:07:34:470		List of question rewrited
06.12.2019 17:07:35:927		Explanation setup opened as rewrite
06.12.2019 17:07:37:410		Explanation create is done
06.12.2019 17:07:39:526		List of question rewrited
06.12.2019 17:07:42:721		Explanation setup opened
06.12.2019 17:08:01:287		Explanation setup opened as rewrite
06.12.2019 17:08:04:521		Explanation create is done
06.12.2019 17:08:06:772		Tests saved sucsseed
06.12.2019 17:08:32:947		Test writer loaded
06.12.2019 17:08:34:271		Tests saved sucsseed
06.12.2019 17:08:37:341		Test writer loaded
06.12.2019 17:08:38:435		List of question rewrited
06.12.2019 17:08:40:846		Explanation setup opened as rewrite
06.12.2019 17:08:43:676		Йquestion setup opened as rewrite
06.12.2019 17:08:46:981		Image question setup opened as rewrite
06.12.2019 17:08:51:170		Image Question create is done
06.12.2019 17:08:52:701		List of question rewrited
06.12.2019 17:08:54:439		Explanation setup opened as rewrite
06.12.2019 17:08:55:267		Explanation create is done
06.12.2019 17:08:56:82		Йquestion setup opened as rewrite
06.12.2019 17:08:56:861		Question create is done
06.12.2019 17:08:58:733		Explanation setup opened as rewrite
06.12.2019 17:09:01:344		Tests saved sucsseed
09.12.2019 17:23:19:495		Test writer loaded
09.12.2019 17:23:21:584		Tests saved sucsseed
09.12.2019 17:23:35:900		Test writer loaded
09.12.2019 17:23:39:696		Tests saved sucsseed
11.12.2019 16:44:29:383		Test writer loaded
11.12.2019 16:44:34:628		List of question rewrited
11.12.2019 16:44:36:35		Explanation setup opened as rewrite
11.12.2019 16:44:40:708		Tests saved sucsseed
11.12.2019 16:44:57:766		Test writer loaded
11.12.2019 16:44:58:578		Tests saved sucsseed
11.12.2019 16:45:17:434		Test writer loaded
11.12.2019 16:45:18:290		List of question rewrited
11.12.2019 16:45:19:453		Tests saved sucsseed
11.12.2019 16:45:42:267		Test writer loaded
11.12.2019 16:45:43:659		List of question rewrited
11.12.2019 16:45:44:435		Explanation setup opened as rewrite
13.12.2019 22:26:48:50		Test writer loaded
13.12.2019 22:26:51:174		List of question rewrited
13.12.2019 22:30:23:64		Test writer loaded
13.12.2019 22:30:24:281		List of question rewrited
13.12.2019 22:30:26:854		Image question setup opened as rewrite
13.12.2019 22:30:30:54		Image Question create is done
13.12.2019 22:31:15:700		Test writer loaded
13.12.2019 22:31:16:875		List of question rewrited
13.12.2019 22:31:17:483		Tests saved sucsseed
14.12.2019 12:29:00:448		Test writer loaded
14.12.2019 12:29:04:232		List of question rewrited
14.12.2019 12:29:07:403		Йquestion setup opened as rewrite
14.12.2019 12:29:09:273		Question create is done
14.12.2019 12:29:10:192		Йquestion setup opened as rewrite
14.12.2019 12:29:11:774		Question create is done
14.12.2019 12:29:15:150		Йquestion setup opened as rewrite
14.12.2019 12:29:16:524		Question create is done
14.12.2019 12:29:17:511		Йquestion setup opened as rewrite
14.12.2019 12:29:18:310		Question create is done
14.12.2019 12:29:18:702		Йquestion setup opened as rewrite
14.12.2019 12:29:19:660		Question create is done
14.12.2019 12:29:20:407		Йquestion setup opened as rewrite
14.12.2019 12:29:21:311		Question create is done
14.12.2019 12:29:22:239		Йquestion setup opened as rewrite
14.12.2019 12:29:23:67		Question create is done
14.12.2019 12:29:24:335		Йquestion setup opened as rewrite
14.12.2019 12:29:25:73		Question create is done
14.12.2019 12:29:25:376		Йquestion setup opened as rewrite
14.12.2019 12:29:26:52		Question create is done
14.12.2019 12:29:26:378		Йquestion setup opened as rewrite
14.12.2019 12:29:27:46		Question create is done
14.12.2019 12:29:27:741		Йquestion setup opened as rewrite
14.12.2019 12:29:28:478		Question create is done
14.12.2019 12:29:39:505		Йquestion setup opened as rewrite
14.12.2019 12:29:40:908		Question create is done
14.12.2019 12:29:41:605		Йquestion setup opened as rewrite
14.12.2019 12:29:42:466		Question create is done
14.12.2019 12:29:42:645		Йquestion setup opened as rewrite
14.12.2019 12:29:43:511		Question create is done
14.12.2019 12:29:43:916		Йquestion setup opened as rewrite
14.12.2019 12:29:44:629		Question create is done
14.12.2019 12:29:44:732		Йquestion setup opened as rewrite
14.12.2019 12:29:48:773		Question create is done
14.12.2019 12:29:49:149		Йquestion setup opened as rewrite
14.12.2019 12:29:52:718		Question create is done
14.12.2019 12:29:53:821		Йquestion setup opened as rewrite
14.12.2019 12:29:54:650		Question create is done
14.12.2019 12:29:54:852		Йquestion setup opened as rewrite
14.12.2019 12:29:55:595		Question create is done
14.12.2019 12:29:55:692		Йquestion setup opened as rewrite
14.12.2019 12:29:56:348		Question create is done
14.12.2019 12:29:56:412		Йquestion setup opened as rewrite
14.12.2019 12:29:57:17		Question create is done
14.12.2019 12:29:57:92		Йquestion setup opened as rewrite
14.12.2019 12:29:57:613		Question create is done
14.12.2019 12:29:57:700		Йquestion setup opened as rewrite
14.12.2019 12:29:59:68		Question create is done
14.12.2019 12:29:59:301		Йquestion setup opened as rewrite
14.12.2019 12:30:00:120		Question create is done
14.12.2019 12:30:00:205		Йquestion setup opened as rewrite
14.12.2019 12:30:00:815		Question create is done
14.12.2019 12:30:00:861		Йquestion setup opened as rewrite
14.12.2019 12:30:01:374		Question create is done
14.12.2019 12:30:01:443		Йquestion setup opened as rewrite
14.12.2019 12:30:02:116		Question create is done
14.12.2019 12:30:02:131		Йquestion setup opened as rewrite
14.12.2019 12:30:02:687		Question create is done
14.12.2019 12:30:02:772		Йquestion setup opened as rewrite
14.12.2019 12:30:03:335		Question create is done
14.12.2019 12:30:03:429		Йquestion setup opened as rewrite
14.12.2019 12:36:47:723		Test writer loaded
14.12.2019 12:36:49:109		Lesson choose is change
14.12.2019 12:36:55:776		Lesson choose is change
14.12.2019 12:36:56:728		Lesson choose is change
14.12.2019 12:36:57:774		Lesson choose is change
14.12.2019 12:36:58:328		Lesson choose is change
14.12.2019 12:36:58:759		Lesson choose is change
14.12.2019 12:37:01:142		Tests saved sucsseed
14.12.2019 12:37:03:880		Test writer loaded
14.12.2019 12:37:05:9		Lesson choose is change
14.12.2019 12:37:06:102		Lesson choose is change
14.12.2019 12:37:06:726		Lesson choose is change
14.12.2019 12:37:07:324		Lesson choose is change
14.12.2019 12:37:56:708		Test writer loaded
14.12.2019 12:39:37:78		Test writer loaded
14.12.2019 12:40:19:39		Test writer loaded
14.12.2019 12:40:44:43		Test writer loaded
14.12.2019 12:41:04:44		Test writer loaded
14.12.2019 12:41:04:626		Lesson choose is change
14.12.2019 12:41:05:335		Lesson choose is change
14.12.2019 12:41:05:727		Lesson choose is change
14.12.2019 12:41:06:482		Lesson choose is change
14.12.2019 12:41:06:965		Lesson choose is change
14.12.2019 12:41:07:462		Lesson choose is change
14.12.2019 12:41:07:959		Lesson choose is change
14.12.2019 12:41:08:448		Lesson choose is change
14.12.2019 12:41:08:966		Lesson choose is change
14.12.2019 12:41:09:437		Lesson choose is change
14.12.2019 12:41:10:401		Lesson choose is change
14.12.2019 12:41:11:180		Image question setup opened as rewrite
14.12.2019 12:42:00:876		Image diaLog is opened
14.12.2019 12:47:15:455		Image diaLog is opened
14.12.2019 12:47:30:691		Image diaLog is opened
14.12.2019 12:47:32:506		Image Question create is done
14.12.2019 12:47:52:133		Test writer loaded
14.12.2019 12:47:56:94		Lesson choose is change
14.12.2019 12:47:59:992		Lesson choose is change
14.12.2019 12:48:01:393		Image question setup opened as rewrite
14.12.2019 12:48:09:795		Image diaLog is opened
14.12.2019 12:48:16:901		Image diaLog is opened
14.12.2019 12:48:21:260		Image diaLog is opened
14.12.2019 12:48:21:502		Image Question create is done
14.12.2019 12:49:10:361		Test writer loaded
14.12.2019 12:49:11:918		Lesson choose is change
14.12.2019 12:49:12:579		Image question setup opened as rewrite
14.12.2019 12:49:17:550		Image diaLog is opened
14.12.2019 12:49:28:29		Image diaLog is opened
14.12.2019 12:49:29:824		Image diaLog is opened
14.12.2019 12:49:30:778		Image Question create is done
14.12.2019 12:49:43:135		Test writer loaded
14.12.2019 12:49:44:142		Lesson choose is change
14.12.2019 12:49:45:743		Lesson choose is change
14.12.2019 12:49:46:195		Lesson choose is change
14.12.2019 12:49:46:497		Lesson choose is change
14.12.2019 12:49:46:760		Lesson choose is change
14.12.2019 12:49:46:991		Lesson choose is change
14.12.2019 12:49:47:245		Lesson choose is change
14.12.2019 12:49:47:539		Lesson choose is change
14.12.2019 12:49:47:851		Lesson choose is change
14.12.2019 12:49:48:400		Image question setup opened as rewrite
14.12.2019 12:49:54:989		Image diaLog is opened
14.12.2019 12:50:00:301		Image diaLog is opened
14.12.2019 12:50:01:64		Image Question create is done
14.12.2019 12:50:56:905		Test writer loaded
14.12.2019 12:50:59:89		Lesson choose is change
14.12.2019 12:50:59:649		Image question setup opened as rewrite
14.12.2019 12:51:32:13		Test writer loaded
14.12.2019 12:51:33:939		Lesson choose is change
14.12.2019 12:51:34:561		Explanation setup opened as rewrite
14.12.2019 12:51:36:60		Explanation create is done
14.12.2019 12:51:37:319		Lesson choose is change
14.12.2019 12:51:37:909		Image question setup opened as rewrite
14.12.2019 12:51:56:843		Image diaLog is opened
14.12.2019 12:52:07:328		Test writer loaded
14.12.2019 12:52:08:168		Lesson choose is change
14.12.2019 12:52:08:635		Image question setup opened as rewrite
14.12.2019 12:52:20:399		Image diaLog is opened
14.12.2019 12:53:07:482		Test writer loaded
14.12.2019 12:53:08:607		Lesson choose is change
14.12.2019 12:53:09:361		Image question setup opened as rewrite
14.12.2019 12:53:12:53		Image diaLog is opened
14.12.2019 12:53:27:821		Test writer loaded
14.12.2019 12:53:28:725		Lesson choose is change
14.12.2019 12:53:29:706		Image question setup opened as rewrite
14.12.2019 12:53:32:919		Image diaLog is opened
14.12.2019 12:53:35:787		Image diaLog is opened
14.12.2019 12:53:45:624		Image diaLog is opened
14.12.2019 12:53:49:165		Image Question create is done
14.12.2019 12:53:57:790		Lesson choose is change
14.12.2019 12:54:03:328		Йquestion setup opened as rewrite
14.12.2019 12:54:05:354		Question create is done
14.12.2019 12:54:19:858		Test writer loaded
14.12.2019 12:54:20:902		Lesson choose is change
14.12.2019 12:54:21:359		Image question setup opened as rewrite
14.12.2019 12:54:24:953		Image diaLog is opened
14.12.2019 12:54:38:97		Lesson choose is change
14.12.2019 12:54:40:424		Йquestion setup opened as rewrite
14.12.2019 12:54:41:798		Question create is done
14.12.2019 12:54:45:884		Tests saved sucsseed
14.12.2019 12:54:48:925		Test writer loaded
14.12.2019 12:54:49:901		Lesson choose is change
14.12.2019 12:54:50:414		Image question setup opened as rewrite
14.12.2019 12:55:18:760		Test writer loaded
14.12.2019 12:57:04:669		Test writer loaded
14.12.2019 12:57:18:849		Test writer loaded
14.12.2019 12:57:19:632		Lesson choose is change
14.12.2019 12:57:20:117		Image question setup opened as rewrite
14.12.2019 12:57:33:537		Test writer loaded
14.12.2019 12:57:35:759		Lesson choose is change
14.12.2019 12:57:36:374		Image question setup opened as rewrite
14.12.2019 12:57:40:976		Tests saved sucsseed
15.12.2019 12:47:36:303		Test writer loaded
16.12.2019 18:27:46:555		Test writer loaded
16.12.2019 18:27:49:651		Lesson choose is change
16.12.2019 18:27:57:522		Question setup opened
16.12.2019 18:28:05:213		Question create is done
16.12.2019 18:28:06:261		Tests saved sucsseed
16.12.2019 18:28:09:191		Test writer loaded
16.12.2019 18:28:10:224		Lesson choose is change
16.12.2019 18:28:11:528		Lesson choose is change
16.12.2019 18:28:12:378		Lesson choose is change
16.12.2019 18:28:13:406		Lesson choose is change
16.12.2019 18:28:22:87		Tests saved sucsseed
16.12.2019 18:28:25:128		Test writer loaded
16.12.2019 18:28:26:240		Lesson choose is change
16.12.2019 18:28:27:70		Lesson choose is change
16.12.2019 18:28:27:427		Lesson choose is change
16.12.2019 18:28:32:783		Tests saved sucsseed
16.12.2019 18:28:35:754		Test writer loaded
16.12.2019 18:28:36:561		Lesson choose is change
16.12.2019 18:28:37:612		Lesson choose is change
16.12.2019 18:28:38:131		Lesson choose is change
16.12.2019 18:28:38:515		Lesson choose is change
16.12.2019 18:28:38:900		Lesson choose is change
16.12.2019 18:28:39:316		Lesson choose is change
16.12.2019 18:30:44:27		Test writer loaded
16.12.2019 18:30:48:527		Lesson choose is change
16.12.2019 18:30:48:858		Lesson choose is change
16.12.2019 18:30:49:955		Lesson choose is change
16.12.2019 18:31:01:135		Tests saved sucsseed
16.12.2019 18:31:10:78		Test writer loaded
16.12.2019 18:32:42:969		Test writer loaded
16.12.2019 18:32:44:319		Lesson choose is change
16.12.2019 18:32:44:652		Lesson choose is change
16.12.2019 18:32:45:439		Lesson choose is change
16.12.2019 18:32:45:868		Lesson choose is change
16.12.2019 18:32:55:493		Tests saved sucsseed
16.12.2019 18:33:00:62		Test writer loaded
16.12.2019 18:33:02:431		Lesson choose is change
16.12.2019 18:33:04:221		Explanation setup opened
16.12.2019 18:33:05:556		Explanation create is done
16.12.2019 18:33:07:23		Question setup opened
16.12.2019 18:38:40:803		Test writer loaded
16.12.2019 18:38:42:170		Lesson choose is change
16.12.2019 18:38:43:100		Tests saved sucsseed
16.12.2019 18:39:15:507		Test writer loaded
16.12.2019 18:39:16:680		Lesson choose is change
16.12.2019 18:39:17:848		Image question setup opened as rewrite
16.12.2019 18:39:19:191		Image Question create is done
16.12.2019 18:39:20:387		Explanation setup opened
16.12.2019 18:39:21:645		Explanation create is done
16.12.2019 18:39:24:418		Explanation setup opened
16.12.2019 18:39:25:426		Explanation create is done
16.12.2019 18:39:26:196		Explanation setup opened
16.12.2019 18:39:27:412		Explanation create is done
16.12.2019 18:39:28:435		Explanation setup opened
16.12.2019 18:39:29:576		Explanation create is done
16.12.2019 18:39:30:960		Question setup opened
16.12.2019 18:39:52:549		Tests saved sucsseed
16.12.2019 18:40:09:822		Test writer loaded
16.12.2019 18:40:10:823		Lesson choose is change
16.12.2019 18:40:11:583		Tests saved sucsseed
16.12.2019 18:40:41:711		Test writer loaded
16.12.2019 18:40:42:599		Tests saved sucsseed
16.12.2019 18:41:59:969		Test writer loaded
16.12.2019 18:42:01:997		Tests saved sucsseed
16.12.2019 18:44:06:215		Test writer loaded
16.12.2019 18:44:09:614		Tests saved sucsseed
16.12.2019 21:46:55:496		Test writer loaded
16.12.2019 21:46:56:450		Lesson choose is change
16.12.2019 21:46:57:700		Йquestion setup opened as rewrite
16.12.2019 21:46:59:137		Question create is done
16.12.2019 21:46:59:761		Йquestion setup opened as rewrite
16.12.2019 21:47:00:711		Question create is done
16.12.2019 21:47:01:470		Йquestion setup opened as rewrite
16.12.2019 21:47:03:105		Question create is done
16.12.2019 21:47:03:942		Explanation setup opened as rewrite
16.12.2019 21:47:05:740		Explanation create is done
16.12.2019 21:47:06:425		Йquestion setup opened as rewrite
16.12.2019 21:47:07:726		Question create is done
16.12.2019 21:47:10:335		Tests saved sucsseed
16.12.2019 21:55:46:101		Test writer loaded
16.12.2019 21:56:02:355		New lesson created
16.12.2019 21:56:03:211		Lesson choose is change
16.12.2019 21:56:07:583		Tests saved sucsseed
16.12.2019 21:56:08:385		Test writer loaded
16.12.2019 21:56:09:605		Lesson choose is change
16.12.2019 21:56:11:892		Explanation setup opened
16.12.2019 21:56:14:443		Explanation create is done
16.12.2019 21:56:15:664		Tests saved sucsseed
17.12.2019 18:58:52:991		Test writer loaded
17.12.2019 18:58:55:287		Tests saved sucsseed
15.01.2020 17:08:26:732		Test writer loaded
15.01.2020 17:08:28:260		New lesson created
15.01.2020 17:08:29:318		Lesson choose is change
15.01.2020 17:08:31:804		Explanation setup opened
15.01.2020 17:08:52:510		Explanation create is done
15.01.2020 17:08:53:722		Tests saved sucsseed
15.01.2020 17:10:39:110		Test writer loaded
15.01.2020 17:10:39:952		Lesson choose is change
15.01.2020 17:10:41:566		Explanation setup opened
15.01.2020 17:10:48:24		Tests saved sucsseed
15.01.2020 17:10:55:778		Test writer loaded
15.01.2020 17:10:56:869		Lesson choose is change
15.01.2020 17:10:57:378		Explanation setup opened as rewrite
15.01.2020 17:11:02:51		Explanation create is done
15.01.2020 17:11:03:172		Tests saved sucsseed
15.01.2020 17:11:46:153		Test writer loaded
15.01.2020 17:11:46:839		Lesson choose is change
15.01.2020 17:11:47:852		Explanation setup opened as rewrite
15.01.2020 17:11:51:268		Explanation create is done
15.01.2020 17:12:38:696		Test writer loaded
15.01.2020 17:12:39:508		Lesson choose is change
15.01.2020 17:12:39:890		Explanation setup opened as rewrite
15.01.2020 17:12:41:824		Explanation create is done
15.01.2020 17:12:44:209		Tests saved sucsseed
15.01.2020 17:18:27:959		Test writer loaded
15.01.2020 17:18:39:744		Tests saved sucsseed
15.01.2020 17:19:34:2		Test writer loaded
15.01.2020 17:19:38:560		Tests saved sucsseed
15.01.2020 17:20:44:312		Test writer loaded
15.01.2020 17:20:48:699		Tests saved sucsseed
15.01.2020 17:25:07:172		Test writer loaded
15.01.2020 17:25:08:131		Lesson choose is change
15.01.2020 17:25:12:850		Explanation setup opened
15.01.2020 17:25:17:587		Explanation setup opened as rewrite
15.01.2020 17:25:18:391		Explanation create is done
15.01.2020 17:25:21:173		Lesson choose is change
15.01.2020 17:25:23:382		Image question setup opened
15.01.2020 17:25:25:731		Explanation setup opened as rewrite
15.01.2020 17:25:27:467		Explanation create is done
15.01.2020 17:25:28:537		Image question setup opened as rewrite
15.01.2020 17:25:29:682		Image Question create is done
15.01.2020 17:25:31:233		Image question setup opened
15.01.2020 17:25:34:83		Image question setup opened as rewrite
15.01.2020 17:25:35:153		Image Question create is done
15.01.2020 17:25:35:854		Image question setup opened as rewrite
15.01.2020 17:25:36:634		Image Question create is done
15.01.2020 17:25:38:675		Lesson choose is change
15.01.2020 17:25:39:341		Image question setup opened as rewrite
15.01.2020 17:25:43:793		Image question setup opened
15.01.2020 17:25:47:687		Lesson choose is change
15.01.2020 17:25:48:391		Image question setup opened as rewrite
15.01.2020 17:25:50:614		Image Question create is done
15.01.2020 17:25:53:657		Question setup opened
15.01.2020 17:25:54:626		Question create is done
15.01.2020 17:25:55:863		Image question setup opened
15.01.2020 17:25:59:986		Image question setup opened as rewrite
15.01.2020 17:26:01:189		Image Question create is done
15.01.2020 17:26:02:556		Image question setup opened
15.01.2020 17:26:05:58		Question setup opened
15.01.2020 17:26:05:977		Question create is done
15.01.2020 17:26:06:719		Image question setup opened
15.01.2020 17:26:08:974		Image question setup opened as rewrite
15.01.2020 17:26:10:32		Image Question create is done
15.01.2020 17:26:10:676		Image question setup opened as rewrite
15.01.2020 17:26:11:587		Image Question create is done
15.01.2020 17:26:12:307		Image question setup opened as rewrite
15.01.2020 17:26:15:995		Image question setup opened as rewrite
15.01.2020 17:26:21:530		Lesson choose is change
15.01.2020 17:26:22:99		Image question setup opened as rewrite
15.01.2020 17:26:23:24		Image Question create is done
15.01.2020 17:26:23:682		Image question setup opened as rewrite
15.01.2020 17:26:24:725		Image Question create is done
15.01.2020 17:26:28:655		Tests saved sucsseed
15.01.2020 17:32:52:168		Test writer loaded
15.01.2020 17:33:12:179		Test writer loaded
15.01.2020 17:33:13:358		Test writer loaded
15.01.2020 17:33:14:546		Tests saved sucsseed
15.01.2020 17:33:14:568		New lesson created
15.01.2020 17:44:05:875		Test writer loaded
15.01.2020 17:44:14:271		New lesson created
15.01.2020 17:44:16:538		New lesson created
15.01.2020 17:44:18:115		New lesson created
15.01.2020 17:44:18:279		New lesson created
15.01.2020 17:44:18:934		New lesson created
15.01.2020 17:44:39:247		Test writer loaded
15.01.2020 17:44:45:834		New lesson created
15.01.2020 17:44:45:835		New lesson created
15.01.2020 17:44:45:836		New lesson created
15.01.2020 17:44:45:837		New lesson created
15.01.2020 17:44:45:838		New lesson created
15.01.2020 17:44:45:839		New lesson created
15.01.2020 17:44:45:841		New lesson created
15.01.2020 17:44:45:843		New lesson created
15.01.2020 17:44:45:846		New lesson created
15.01.2020 17:44:45:850		New lesson created
15.01.2020 17:44:45:853		New lesson created
15.01.2020 17:44:45:856		New lesson created
15.01.2020 17:44:45:860		New lesson created
15.01.2020 17:44:45:866		New lesson created
15.01.2020 17:44:45:871		New lesson created
15.01.2020 17:44:45:875		New lesson created
15.01.2020 17:44:45:879		New lesson created
15.01.2020 17:44:45:885		New lesson created
15.01.2020 17:44:45:889		New lesson created
15.01.2020 17:44:45:894		New lesson created
15.01.2020 17:44:45:900		New lesson created
15.01.2020 17:44:45:905		New lesson created
15.01.2020 17:44:45:912		New lesson created
15.01.2020 17:44:45:918		New lesson created
15.01.2020 17:44:45:923		New lesson created
15.01.2020 17:44:45:930		New lesson created
15.01.2020 17:44:45:936		New lesson created
15.01.2020 17:44:45:942		New lesson created
15.01.2020 17:44:45:947		New lesson created
15.01.2020 17:44:45:948		New lesson created
15.01.2020 17:45:04:505		Test writer loaded
15.01.2020 17:45:08:700		New lesson created
15.01.2020 17:45:11:332		New lesson created
15.01.2020 17:45:12:484		Lesson choose is change
15.01.2020 17:45:13:802		Tests saved sucsseed
15.01.2020 17:45:15:834		Test writer loaded
15.01.2020 17:45:16:475		Lesson choose is change
15.01.2020 17:45:16:731		Lesson choose is change
15.01.2020 17:45:17:147		Lesson choose is change
15.01.2020 17:45:17:748		Lesson choose is change
15.01.2020 17:45:18:319		Tests saved sucsseed
15.01.2020 17:46:10:34		Test writer loaded
15.01.2020 17:46:14:586		New lesson created
15.01.2020 17:46:19:702		New lesson created
15.01.2020 17:46:20:637		Lesson choose is change
15.01.2020 17:46:22:4		Lesson choose is change
15.01.2020 17:46:22:251		Lesson choose is change
15.01.2020 17:46:24:990		Question setup opened
15.01.2020 17:46:26:228		Question create is done
15.01.2020 17:46:29:96		Tests saved sucsseed
15.01.2020 17:49:07:841		Test writer loaded
15.01.2020 17:49:09:518		Lesson choose is change
15.01.2020 17:49:10:199		Lesson choose is change
15.01.2020 17:49:10:699		Lesson choose is change
15.01.2020 17:49:12:790		Explanation setup opened
15.01.2020 17:49:22:701		Tests saved sucsseed
15.01.2020 17:54:54:357		Test writer loaded
15.01.2020 17:54:55:328		Lesson choose is change
15.01.2020 17:54:55:825		Lesson choose is change
15.01.2020 17:54:57:3		Explanation setup opened as rewrite
15.01.2020 17:55:00:227		Explanation create is done
15.01.2020 17:55:00:979		Tests saved sucsseed
15.01.2020 17:56:40:371		Test writer loaded
15.01.2020 17:56:41:735		Lesson choose is change
15.01.2020 17:56:42:643		Explanation setup opened as rewrite
15.01.2020 17:56:47:774		Lesson choose is change
15.01.2020 17:56:49:66		Lesson choose is change
15.01.2020 17:56:49:687		Explanation setup opened as rewrite
15.01.2020 17:56:54:227		Lesson choose is change
15.01.2020 17:56:54:605		Lesson choose is change
15.01.2020 17:56:54:892		Lesson choose is change
15.01.2020 17:56:55:524		Explanation setup opened as rewrite
15.01.2020 17:56:56:454		Explanation create is done
15.01.2020 17:56:58:341		Tests saved sucsseed
15.01.2020 17:57:26:126		Test writer loaded
15.01.2020 17:57:27:921		Lesson choose is change
15.01.2020 17:57:32:730		Explanation setup opened
15.01.2020 17:57:39:923		Question setup opened
15.01.2020 17:57:47:18		Йquestion setup opened as rewrite
15.01.2020 17:57:47:782		Question create is done
15.01.2020 17:57:59:219		Tests saved sucsseed
15.01.2020 17:58:56:65		Test writer loaded
15.01.2020 17:58:57:164		Lesson choose is change
15.01.2020 17:59:04:469		Explanation setup opened as rewrite
15.01.2020 17:59:05:573		Explanation create is done
15.01.2020 17:59:06:294		Йquestion setup opened as rewrite
15.01.2020 17:59:07:181		Question create is done
15.01.2020 17:59:08:876		Explanation setup opened as rewrite
15.01.2020 17:59:10:332		Explanation create is done
15.01.2020 17:59:15:763		Lesson choose is change
15.01.2020 17:59:16:614		Йquestion setup opened as rewrite
15.01.2020 17:59:17:452		Question create is done
15.01.2020 17:59:20:949		Йquestion setup opened as rewrite
15.01.2020 17:59:22:77		Question create is done
15.01.2020 17:59:23:975		Йquestion setup opened as rewrite
15.01.2020 17:59:25:857		Question create is done
15.01.2020 17:59:34:964		Lesson choose is change
15.01.2020 17:59:36:72		Lesson choose is change
15.01.2020 17:59:44:377		Lesson choose is change
15.01.2020 17:59:48:967		Йquestion setup opened as rewrite
15.01.2020 17:59:51:58		Question create is done
15.01.2020 17:59:57:218		Lesson choose is change
15.01.2020 17:59:58:212		Lesson choose is change
15.01.2020 18:00:01:343		Tests saved sucsseed
15.01.2020 18:31:25:104		Test writer loaded
15.01.2020 18:31:26:226		Tests saved sucsseed
15.01.2020 18:31:37:699		Test writer loaded
15.01.2020 18:31:45:895		New lesson created
15.01.2020 18:31:47:303		Lesson choose is change
15.01.2020 18:32:39:887		Test writer loaded
15.01.2020 18:32:43:471		Tests saved sucsseed
15.01.2020 18:32:59:513		Test writer loaded
15.01.2020 18:33:01:503		Lesson choose is change
15.01.2020 18:34:30:457		Test writer loaded
15.01.2020 18:34:32:0		Lesson choose is change
15.01.2020 18:36:44:838		Test writer loaded
15.01.2020 18:36:45:981		Lesson choose is change
15.01.2020 18:37:59:857		Test writer loaded
15.01.2020 18:38:03:117		Lesson choose is change
15.01.2020 18:38:05:443		Lesson choose is change
15.01.2020 18:38:11:768		Lesson choose is change
15.01.2020 18:38:12:526		Lesson choose is change
15.01.2020 18:38:13:123		Lesson choose is change
15.01.2020 18:38:13:359		Lesson choose is change
15.01.2020 18:38:17:686		Lesson choose is change
15.01.2020 18:38:18:175		Lesson choose is change
15.01.2020 18:38:18:493		Lesson choose is change
15.01.2020 18:38:18:763		Lesson choose is change
15.01.2020 18:38:43:93		Test writer loaded
15.01.2020 18:38:44:606		Lesson choose is change
15.01.2020 18:38:49:181		Lesson choose is change
15.01.2020 18:38:57:813		Lesson choose is change
15.01.2020 18:39:00:509		Explanation setup opened
15.01.2020 18:39:01:611		Explanation create is done
15.01.2020 18:39:03:320		Question setup opened
15.01.2020 18:39:12:490		Йquestion setup opened as rewrite
15.01.2020 18:39:13:344		Question create is done
15.01.2020 18:39:19:519		Tests saved sucsseed
15.01.2020 18:40:27:581		Test writer loaded
15.01.2020 18:40:36:979		Lesson choose is change
15.01.2020 18:40:46:183		Lesson choose is change
15.01.2020 18:40:47:63		Image question setup opened as rewrite
15.01.2020 18:40:48:208		Image Question create is done
15.01.2020 18:41:23:366		Lesson choose is change
15.01.2020 18:46:03:947		Test writer loaded
15.01.2020 18:46:04:760		Lesson choose is change
15.01.2020 18:46:09:797		Lesson choose is change
15.01.2020 18:46:10:454		Lesson choose is change
15.01.2020 18:46:10:774		Lesson choose is change
15.01.2020 18:46:11:157		Lesson choose is change
15.01.2020 18:46:13:261		Tests saved sucsseed
15.01.2020 18:46:30:402		Test writer loaded
15.01.2020 18:46:31:299		Lesson choose is change
15.01.2020 18:46:31:799		Lesson choose is change
15.01.2020 18:46:35:508		Lesson choose is change
15.01.2020 18:46:45:543		Tests saved sucsseed
15.01.2020 18:46:47:764		Test writer loaded
15.01.2020 18:46:48:788		Lesson choose is change
15.01.2020 18:49:15:888		Test writer loaded
15.01.2020 18:49:19:323		Lesson choose is change
15.01.2020 18:49:20:64		Lesson choose is change
15.01.2020 18:49:44:916		Test writer loaded
15.01.2020 18:49:46:465		Lesson choose is change
15.01.2020 18:50:15:921		Test writer loaded
15.01.2020 18:50:16:865		Lesson choose is change
15.01.2020 18:50:19:171		Lesson choose is change
15.01.2020 18:50:21:448		Lesson choose is change
15.01.2020 18:50:22:420		Lesson choose is change
15.01.2020 18:50:22:918		Lesson choose is change
15.01.2020 18:50:23:633		Lesson choose is change
15.01.2020 18:50:24:219		Lesson choose is change
15.01.2020 18:50:24:700		Lesson choose is change
15.01.2020 18:50:24:955		Lesson choose is change
15.01.2020 18:50:26:856		Lesson choose is change
15.01.2020 18:50:27:592		Lesson choose is change
15.01.2020 18:50:28:289		Lesson choose is change
15.01.2020 18:50:28:804		Lesson choose is change
15.01.2020 18:50:29:101		Lesson choose is change
15.01.2020 18:50:29:584		Lesson choose is change
15.01.2020 18:50:32:420		Lesson choose is change
15.01.2020 18:50:34:699		Lesson choose is change
15.01.2020 18:50:34:964		Lesson choose is change
15.01.2020 18:50:35:320		Lesson choose is change
15.01.2020 18:50:39:428		Lesson choose is change
15.01.2020 18:52:17:476		Test writer loaded
15.01.2020 18:52:18:355		Lesson choose is change
15.01.2020 18:52:20:825		Lesson choose is change
15.01.2020 18:52:23:276		Lesson choose is change
15.01.2020 18:53:12:708		Test writer loaded
15.01.2020 18:53:17:670		Lesson choose is change
15.01.2020 18:55:23:142		Test writer loaded
15.01.2020 18:55:25:141		Lesson choose is change
15.01.2020 18:55:27:424		Lesson choose is change
15.01.2020 18:55:27:882		Lesson choose is change
15.01.2020 18:55:30:167		Lesson choose is change
15.01.2020 18:55:32:797		Lesson choose is change
15.01.2020 18:55:34:462		Lesson choose is change
15.01.2020 18:55:39:174		Lesson choose is change
15.01.2020 18:55:44:55		Lesson choose is change
15.01.2020 18:55:46:343		Lesson choose is change
15.01.2020 18:55:48:357		Lesson choose is change
15.01.2020 18:55:50:474		Lesson choose is change
15.01.2020 18:57:07:695		Test writer loaded
15.01.2020 18:57:08:863		Tests saved sucsseed
15.01.2020 18:57:13:933		Test writer loaded
15.01.2020 18:57:14:631		Lesson choose is change
15.01.2020 18:57:17:317		Lesson choose is change
15.01.2020 18:57:19:305		Lesson choose is change
15.01.2020 18:57:21:273		Lesson choose is change
15.01.2020 18:57:24:220		Lesson choose is change
15.01.2020 18:57:27:479		Lesson choose is change
15.01.2020 18:57:29:351		Lesson choose is change
15.01.2020 18:57:31:729		Lesson choose is change
15.01.2020 18:57:35:408		Lesson choose is change
15.01.2020 18:57:43:109		New lesson created
15.01.2020 18:57:44:44		Tests saved sucsseed
15.01.2020 18:57:48:455		Test writer loaded
15.01.2020 19:00:36:364		Test writer loaded
15.01.2020 19:01:23:183		Test writer loaded
15.01.2020 19:02:24:164		Test writer loaded
15.01.2020 19:02:31:90		Test writer loaded
15.01.2020 19:02:44:101		Test writer loaded
15.01.2020 19:03:09:895		Test writer loaded
15.01.2020 19:03:10:883		Lesson choose is change
15.01.2020 19:03:13:542		Tests saved sucsseed
15.01.2020 19:03:15:598		Test writer loaded
15.01.2020 19:03:16:578		Lesson choose is change
15.01.2020 19:03:21:290		Tests saved sucsseed
15.01.2020 19:03:43:858		Test writer loaded
15.01.2020 19:03:44:733		Lesson choose is change
15.01.2020 19:03:45:994		Lesson choose is change
15.01.2020 19:03:47:722		Image question setup opened
15.01.2020 19:03:56:424		Image diaLog is opened
15.01.2020 19:03:56:813		Image Question create is done
15.01.2020 19:04:34:501		Test writer loaded
15.01.2020 19:04:36:166		Lesson choose is change
15.01.2020 19:04:37:655		Image question setup opened
15.01.2020 19:04:38:690		Image Question create is done
15.01.2020 19:04:39:830		Tests saved sucsseed
17.01.2020 16:14:44:63		Test writer loaded
17.01.2020 16:15:20:263		Test writer loaded
17.01.2020 16:15:56:897		Lesson choose is change
17.01.2020 16:15:59:313		Lesson choose is change
17.01.2020 16:16:08:582		Lesson choose is change
17.01.2020 16:16:19:683		Lesson choose is change
17.01.2020 16:16:22:244		Lesson choose is change
17.01.2020 16:16:26:169		New lesson created
17.01.2020 16:16:27:256		Lesson choose is change
17.01.2020 16:16:27:968		Lesson choose is change
17.01.2020 16:16:28:802		Lesson choose is change
17.01.2020 16:16:29:431		Lesson choose is change
17.01.2020 16:16:34:865		Lesson choose is change
17.01.2020 16:16:44:832		Tests saved sucsseed
17.01.2020 16:17:33:166		Test writer loaded
17.01.2020 16:17:37:955		New lesson created
17.01.2020 16:17:39:780		Lesson choose is change
17.01.2020 16:17:40:296		Lesson choose is change
17.01.2020 16:17:43:220		New lesson created
17.01.2020 16:17:44:477		Lesson choose is change
17.01.2020 16:17:45:648		Lesson choose is change
17.01.2020 16:17:49:687		Lesson choose is change
17.01.2020 16:17:54:13		Lesson choose is change
17.01.2020 16:17:54:328		Lesson choose is change
17.01.2020 16:17:57:198		New lesson created
17.01.2020 16:17:59:562		Tests saved sucsseed
17.01.2020 16:18:21:416		Test writer loaded
17.01.2020 16:18:22:168		Lesson choose is change
17.01.2020 16:19:12:75		Йquestion setup opened as rewrite
17.01.2020 16:19:15:165		Question create is done
17.01.2020 16:19:15:754		Tests saved sucsseed
17.01.2020 16:35:07:331		Test writer loaded
17.01.2020 16:35:08:334		Lesson choose is change
17.01.2020 16:35:13:486		Lesson choose is change
17.01.2020 16:35:19:405		Lesson choose is change
17.01.2020 16:35:19:796		Lesson choose is change
17.01.2020 16:35:20:647		Tests saved sucsseed
17.01.2020 16:37:08:284		Test writer loaded
17.01.2020 16:37:13:730		Lesson choose is change
17.01.2020 16:37:14:116		Lesson choose is change
17.01.2020 16:37:25:76		Tests saved sucsseed
17.01.2020 16:42:36:885		Test writer loaded
17.01.2020 16:42:41:882		Lesson choose is change
17.01.2020 16:42:47:759		Lesson choose is change
17.01.2020 16:42:50:513		Lesson choose is change
17.01.2020 16:42:51:971		Lesson choose is change
17.01.2020 16:42:52:366		Lesson choose is change
17.01.2020 16:42:55:702		Question setup opened
17.01.2020 16:42:59:368		Lesson choose is change
17.01.2020 16:43:00:897		Question setup opened
17.01.2020 16:43:04:638		Lesson choose is change
17.01.2020 16:43:07:694		Lesson choose is change
17.01.2020 16:43:58:59		Test writer loaded
17.01.2020 16:44:00:827		Lesson choose is change
17.01.2020 16:44:02:207		Lesson choose is change
17.01.2020 16:44:03:938		Question setup opened
17.01.2020 16:44:05:680		Lesson choose is change
17.01.2020 16:44:06:125		Question setup opened
17.01.2020 16:44:08:286		Lesson choose is change
17.01.2020 16:44:10:988		Lesson choose is change
17.01.2020 16:44:50:622		Test writer loaded
17.01.2020 16:44:51:526		Lesson choose is change
17.01.2020 16:44:51:891		Question setup opened
17.01.2020 16:44:54:57		Lesson choose is change
17.01.2020 16:44:54:550		Question setup opened
17.01.2020 16:44:56:938		Lesson choose is change
17.01.2020 16:44:57:799		Lesson choose is change
17.01.2020 16:45:03:515		Lesson choose is change
17.01.2020 16:45:04:127		Lesson choose is change
17.01.2020 16:45:04:749		Lesson choose is change
17.01.2020 16:45:05:169		Lesson choose is change
17.01.2020 16:45:08:712		Tests saved sucsseed
17.01.2020 16:52:01:585		Test writer loaded
17.01.2020 16:52:02:254		Tests saved sucsseed
17.01.2020 16:53:41:299		Test writer loaded
17.01.2020 16:53:42:974		Lesson choose is change
17.01.2020 16:55:03:626		Test writer loaded
17.01.2020 16:55:04:557		Lesson choose is change
17.01.2020 16:55:27:74		Test writer loaded
17.01.2020 16:55:30:453		Lesson choose is change
17.01.2020 16:55:33:992		Lesson choose is change
17.01.2020 16:55:34:616		Lesson choose is change
17.01.2020 16:55:35:923		Lesson choose is change
17.01.2020 16:55:36:740		Lesson choose is change
17.01.2020 16:55:38:860		Image question setup opened
17.01.2020 16:55:42:633		Lesson choose is change
17.01.2020 16:55:44:89		Tests saved sucsseed
17.01.2020 16:55:54:471		Test writer loaded
17.01.2020 16:55:55:666		Lesson choose is change
17.01.2020 16:55:56:226		Lesson choose is change
17.01.2020 16:56:03:727		Lesson choose is change
17.01.2020 16:56:04:678		Lesson choose is change
17.01.2020 16:56:09:199		Lesson choose is change
17.01.2020 16:56:09:767		Lesson choose is change
17.01.2020 16:56:10:334		Lesson choose is change
17.01.2020 16:56:10:598		Lesson choose is change
17.01.2020 16:56:11:136		Lesson choose is change
17.01.2020 16:56:11:417		Lesson choose is change
17.01.2020 16:56:11:966		Tests saved sucsseed
17.01.2020 16:56:13:627		Test writer loaded
17.01.2020 16:56:14:334		Lesson choose is change
17.01.2020 16:56:18:141		Lesson choose is change
17.01.2020 16:56:21:271		Lesson choose is change
17.01.2020 16:56:22:688		Lesson choose is change
17.01.2020 16:56:23:183		Lesson choose is change
17.01.2020 16:56:23:565		Lesson choose is change
17.01.2020 16:56:24:176		Tests saved sucsseed
17.01.2020 17:00:41:307		Test writer loaded
17.01.2020 17:00:42:26		Lesson choose is change
17.01.2020 17:00:42:563		Lesson choose is change
17.01.2020 17:00:49:889		New lesson created
17.01.2020 17:00:50:775		Lesson choose is change
17.01.2020 17:00:52:123		Question setup opened
17.01.2020 17:00:55:549		Lesson choose is change
17.01.2020 17:00:56:105		Lesson choose is change
17.01.2020 17:00:56:462		Lesson choose is change
19.01.2020 14:48:18:85		Test writer loaded
19.01.2020 14:48:19:606		Tests saved sucsseed
07.02.2020 15:03:34:420		Test writer loaded
07.02.2020 15:03:36:889		Tests saved sucsseed
07.02.2020 15:08:06:348		Test writer loaded
07.02.2020 15:08:07:663		Tests saved sucsseed
07.02.2020 15:15:55:108		Test writer loaded
07.02.2020 15:15:56:736		Tests saved sucsseed
07.02.2020 15:16:29:528		Test writer loaded
07.02.2020 15:16:30:448		Lesson choose is change
07.02.2020 15:16:30:948		Йquestion setup opened as rewrite
07.02.2020 15:16:35:393		Question create is done
07.02.2020 15:16:36:521		Tests saved sucsseed
07.02.2020 15:17:48:555		Test writer loaded
07.02.2020 15:17:50:240		Lesson choose is change
07.02.2020 15:17:50:748		Йquestion setup opened as rewrite
07.02.2020 15:17:54:632		Question create is done
07.02.2020 15:17:54:917		Йquestion setup opened as rewrite
07.02.2020 15:17:55:996		Question create is done
07.02.2020 15:17:56:433		Tests saved sucsseed
07.02.2020 15:18:42:334		Test writer loaded
07.02.2020 15:18:43:471		Lesson choose is change
07.02.2020 15:18:44:525		Lesson choose is change
07.02.2020 15:18:45:374		Йquestion setup opened as rewrite
07.02.2020 15:18:58:506		Question create is done
07.02.2020 15:18:59:341		Йquestion setup opened as rewrite
07.02.2020 15:19:00:278		Question create is done
07.02.2020 15:19:00:822		Йquestion setup opened as rewrite
07.02.2020 15:19:04:366		Question create is done
07.02.2020 15:19:05:445		Tests saved sucsseed
07.02.2020 15:19:23:81		Test writer loaded
07.02.2020 15:19:24:136		Lesson choose is change
07.02.2020 15:19:24:611		Йquestion setup opened as rewrite
07.02.2020 15:19:29:597		Question create is done
07.02.2020 15:20:07:6		Test writer loaded
07.02.2020 15:20:08:169		Lesson choose is change
07.02.2020 15:20:08:511		Йquestion setup opened as rewrite
07.02.2020 15:20:09:635		Question create is done
07.02.2020 15:20:10:283		Tests saved sucsseed
07.02.2020 15:20:36:422		Test writer loaded
07.02.2020 15:20:37:207		Lesson choose is change
07.02.2020 15:20:37:588		Lesson choose is change
07.02.2020 15:20:38:92		Йquestion setup opened as rewrite
07.02.2020 15:21:02:289		Question create is done
07.02.2020 15:21:04:312		Tests saved sucsseed
07.02.2020 15:21:56:250		Test writer loaded
07.02.2020 15:21:57:197		Tests saved sucsseed
07.02.2020 15:26:12:996		Test writer loaded
07.02.2020 15:26:15:610		Lesson choose is change
07.02.2020 15:26:48:326		Test writer loaded
07.02.2020 15:26:49:90		Lesson choose is change
07.02.2020 15:26:50:513		Йquestion setup opened as rewrite
07.02.2020 15:26:51:588		Question create is done
07.02.2020 15:26:52:115		Йquestion setup opened as rewrite
07.02.2020 15:26:52:969		Question create is done
07.02.2020 15:26:54:373		Lesson choose is change
07.02.2020 15:26:55:135		Lesson choose is change
07.02.2020 15:27:42:51		Test writer loaded
07.02.2020 15:27:43:140		Lesson choose is change
07.02.2020 15:28:43:506		Test writer loaded
07.02.2020 15:28:44:346		Lesson choose is change
07.02.2020 15:28:44:936		Lesson choose is change
07.02.2020 15:28:45:607		Lesson choose is change
07.02.2020 15:28:46:997		Lesson choose is change
07.02.2020 15:28:47:464		Lesson choose is change
07.02.2020 15:29:57:962		Test writer loaded
07.02.2020 15:29:58:805		Lesson choose is change
07.02.2020 15:30:00:11		Йquestion setup opened as rewrite
07.02.2020 15:30:02:248		Question create is done
07.02.2020 15:30:03:187		Double Click
07.02.2020 15:30:03:194		Йquestion setup opened as rewrite
07.02.2020 15:30:04:70		Question create is done
07.02.2020 15:30:07:830		Tests saved sucsseed
07.02.2020 16:18:58:195		Test writer loaded
07.02.2020 16:18:59:269		Lesson choose is change
07.02.2020 16:18:59:858		Lesson choose is change
07.02.2020 16:19:02:200		Double Click
07.02.2020 16:19:02:210		Йquestion setup opened as rewrite
07.02.2020 16:19:09:327		Lesson choose is change
07.02.2020 16:19:10:453		Lesson choose is change
07.02.2020 16:19:11:763		Double Click
07.02.2020 16:19:11:772		Йquestion setup opened as rewrite
07.02.2020 16:24:57:613		Test writer loaded
07.02.2020 16:24:58:494		Lesson choose is change
07.02.2020 16:24:59:13		Lesson choose is change
07.02.2020 16:25:00:660		Lesson choose is change
07.02.2020 16:25:01:551		Double Click
07.02.2020 16:25:01:560		Йquestion setup opened as rewrite
07.02.2020 16:25:05:817		Double Click
07.02.2020 16:25:05:825		Йquestion setup opened as rewrite
07.02.2020 16:25:07:762		Question create is done
07.02.2020 16:25:08:574		Double Click
07.02.2020 16:25:08:580		Йquestion setup opened as rewrite
07.02.2020 16:25:11:854		Double Click
07.02.2020 16:25:11:861		Йquestion setup opened as rewrite
07.02.2020 16:25:14:990		Double Click
07.02.2020 16:25:14:998		Йquestion setup opened as rewrite
07.02.2020 16:25:17:85		Double Click
07.02.2020 16:25:17:92		Йquestion setup opened as rewrite
07.02.2020 16:25:19:80		Question create is done
07.02.2020 16:25:19:754		Double Click
07.02.2020 16:25:19:761		Йquestion setup opened as rewrite
07.02.2020 16:26:16:780		Test writer loaded
07.02.2020 16:26:17:677		Lesson choose is change
07.02.2020 16:26:18:974		Double Click
07.02.2020 16:26:18:984		Йquestion setup opened as rewrite
07.02.2020 16:26:22:741		Double Click
07.02.2020 16:26:22:749		Йquestion setup opened as rewrite
07.02.2020 16:26:23:816		Question create is done
07.02.2020 16:26:24:866		Double Click
07.02.2020 16:26:24:873		Йquestion setup opened as rewrite
07.02.2020 16:26:27:217		Double Click
07.02.2020 16:26:27:226		Йquestion setup opened as rewrite
07.02.2020 16:26:27:950		Question create is done
07.02.2020 16:26:28:607		Tests saved sucsseed
