27.12.2019 17:48:05:619		Test writer loaded
27.12.2019 17:48:06:674		New lesson created
27.12.2019 17:48:07:452		Lesson choose is change
27.12.2019 17:48:07:813		Lesson choose is change
27.12.2019 17:48:08:231		Lesson choose is change
27.12.2019 17:48:15:23		New lesson created
27.12.2019 17:48:16:408		Lesson choose is change
27.12.2019 17:48:21:913		Lesson choose is change
27.12.2019 17:48:22:264		Lesson choose is change
27.12.2019 17:48:22:843		Tests saved sucsseed
27.12.2019 17:48:33:336		Test writer loaded
27.12.2019 17:48:34:573		Lesson choose is change
27.12.2019 17:48:36:357		Lesson choose is change
27.12.2019 17:48:36:654		Lesson choose is change
27.12.2019 17:48:37:354		Lesson choose is change
27.12.2019 17:48:37:648		Lesson choose is change
27.12.2019 17:48:38:331		Question setup opened
27.12.2019 17:48:43:458		Explanation setup opened
27.12.2019 17:48:48:187		Question setup opened
27.12.2019 17:48:49:761		Question setup opened
27.12.2019 17:48:51:183		Question setup opened
27.12.2019 17:48:53:927		Explanation setup opened
27.12.2019 17:49:05:656		Tests saved sucsseed
27.12.2019 17:50:39:605		Test writer loaded
27.12.2019 17:50:40:543		Lesson choose is change
27.12.2019 17:50:43:296		Lesson choose is change
27.12.2019 17:50:43:721		Lesson choose is change
27.12.2019 17:50:44:22		Lesson choose is change
27.12.2019 17:50:44:669		Lesson choose is change
27.12.2019 17:50:45:318		Lesson choose is change
27.12.2019 17:50:45:659		Lesson choose is change
27.12.2019 17:50:46:29		Lesson choose is change
27.12.2019 17:50:48:383		New lesson created
27.12.2019 17:50:49:49		Lesson choose is change
27.12.2019 17:50:49:516		Lesson choose is change
27.12.2019 17:50:50:245		Lesson choose is change
27.12.2019 17:50:50:674		Lesson choose is change
27.12.2019 17:50:51:8		Lesson choose is change
27.12.2019 17:50:51:400		Lesson choose is change
27.12.2019 17:50:51:749		Lesson choose is change
27.12.2019 17:50:52:382		Lesson choose is change
27.12.2019 17:50:52:930		Lesson choose is change
27.12.2019 17:50:55:371		Lesson choose is change
27.12.2019 17:50:55:694		Lesson choose is change
27.12.2019 17:50:56:249		Lesson choose is change
27.12.2019 17:50:56:645		Lesson choose is change
27.12.2019 17:50:56:989		Lesson choose is change
27.12.2019 17:50:57:569		Lesson choose is change
27.12.2019 17:50:58:44		Lesson choose is change
27.12.2019 17:50:58:653		Lesson choose is change
27.12.2019 17:50:59:246		Lesson choose is change
27.12.2019 17:51:00:140		Lesson choose is change
27.12.2019 17:51:00:825		Lesson choose is change
27.12.2019 17:51:01:337		Lesson choose is change
27.12.2019 17:51:01:722		Lesson choose is change
27.12.2019 17:51:02:61		Lesson choose is change
27.12.2019 17:51:02:904		Lesson choose is change
27.12.2019 17:51:03:441		Lesson choose is change
27.12.2019 17:51:03:947		Lesson choose is change
27.12.2019 17:51:04:484		Lesson choose is change
27.12.2019 17:51:04:856		Lesson choose is change
27.12.2019 17:51:05:493		Lesson choose is change
27.12.2019 17:51:05:834		Lesson choose is change
27.12.2019 17:51:06:234		Lesson choose is change
27.12.2019 17:51:06:751		Lesson choose is change
27.12.2019 17:51:07:765		Lesson choose is change
27.12.2019 17:51:08:147		Lesson choose is change
27.12.2019 17:51:08:805		Lesson choose is change
27.12.2019 17:51:09:359		Lesson choose is change
27.12.2019 17:51:11:585		Lesson choose is change
27.12.2019 17:51:12:92		Lesson choose is change
27.12.2019 17:51:12:627		Lesson choose is change
27.12.2019 17:51:47:473		Test writer loaded
27.12.2019 17:51:48:468		Lesson choose is change
27.12.2019 17:51:49:834		Lesson choose is change
27.12.2019 17:51:50:259		Lesson choose is change
27.12.2019 17:51:57:805		Explanation setup opened
27.12.2019 17:51:58:709		Explanation create is done
27.12.2019 17:51:59:804		Explanation setup opened
27.12.2019 17:52:04:864		Question setup opened
27.12.2019 17:52:06:80		Question setup opened
27.12.2019 17:52:07:725		Explanation setup opened
27.12.2019 17:52:11:660		Explanation setup opened
27.12.2019 17:52:20:708		Tests saved sucsseed
27.12.2019 18:01:43:950		Test writer loaded
27.12.2019 18:01:44:693		Lesson choose is change
27.12.2019 18:01:45:359		Explanation setup opened as rewrite
27.12.2019 18:01:48:483		Explanation create is done
27.12.2019 18:01:49:422		Explanation setup opened
27.12.2019 18:01:58:226		Question setup opened
27.12.2019 18:01:59:498		Question setup opened
27.12.2019 18:02:00:581		Explanation setup opened
27.12.2019 18:02:04:870		Question setup opened
27.12.2019 18:02:06:729		Question create is done
27.12.2019 18:02:07:346		Explanation setup opened
27.12.2019 18:02:19:946		Tests saved sucsseed
27.12.2019 18:04:23:712		Test writer loaded
27.12.2019 18:04:25:831		Tests saved sucsseed
27.12.2019 18:09:11:151		Test writer loaded
27.12.2019 18:09:12:40		Tests saved sucsseed
15.01.2020 18:00:06:690		Test writer loaded
15.01.2020 18:00:09:825		New lesson created
15.01.2020 18:00:10:628		Question setup opened
15.01.2020 18:00:11:317		Question create is done
15.01.2020 18:00:12:432		Lesson choose is change
15.01.2020 18:00:13:598		Explanation setup opened
15.01.2020 18:00:14:331		Explanation create is done
15.01.2020 18:00:14:990		Lesson choose is change
15.01.2020 18:00:16:64		Explanation setup opened
15.01.2020 18:00:17:655		Explanation create is done
15.01.2020 18:00:18:682		Explanation setup opened
15.01.2020 18:00:22:498		Explanation create is done
15.01.2020 18:00:24:65		Tests saved sucsseed
15.01.2020 18:00:26:160		Test writer loaded
15.01.2020 18:00:27:428		Question setup opened
15.01.2020 18:00:30:230		Йquestion setup opened as rewrite
15.01.2020 18:00:31:328		Question create is done
15.01.2020 18:00:32:575		Lesson choose is change
15.01.2020 18:00:33:460		Lesson choose is change
15.01.2020 18:00:33:773		Lesson choose is change
15.01.2020 18:00:34:285		Lesson choose is change
15.01.2020 18:00:37:202		New lesson created
15.01.2020 18:00:37:867		Lesson choose is change
15.01.2020 18:00:38:528		Lesson choose is change
15.01.2020 18:00:39:245		Lesson choose is change
15.01.2020 18:00:40:275		Lesson choose is change
15.01.2020 18:00:40:868		Tests saved sucsseed
15.01.2020 18:00:42:686		Test writer loaded
15.01.2020 18:00:44:40		Explanation setup opened
15.01.2020 18:00:47:675		Explanation setup opened as rewrite
15.01.2020 18:00:49:400		Explanation create is done
15.01.2020 18:00:50:727		Lesson choose is change
15.01.2020 18:00:51:343		Lesson choose is change
15.01.2020 18:00:51:650		Lesson choose is change
15.01.2020 18:00:53:220		Tests saved sucsseed
15.01.2020 18:01:33:502		Test writer loaded
15.01.2020 18:01:38:911		Question setup opened
15.01.2020 18:01:41:209		Question create is done
15.01.2020 18:01:41:379		Tests saved sucsseed
15.01.2020 18:01:47:825		Test writer loaded
15.01.2020 18:01:50:131		Question setup opened
15.01.2020 18:01:54:70		Question create is done
15.01.2020 18:01:54:742		Tests saved sucsseed
15.01.2020 18:02:00:81		Test writer loaded
15.01.2020 18:02:01:547		Question setup opened
15.01.2020 18:02:09:620		Question create is done
15.01.2020 18:02:13:830		Lesson choose is change
15.01.2020 18:02:16:397		Tests saved sucsseed
15.01.2020 18:02:31:671		Test writer loaded
15.01.2020 18:02:34:654		Question setup opened
15.01.2020 18:02:35:689		Question create is done
15.01.2020 18:02:36:100		Tests saved sucsseed
15.01.2020 18:02:54:61		Test writer loaded
15.01.2020 18:02:58:940		Tests saved sucsseed
15.01.2020 18:03:46:535		Test writer loaded
15.01.2020 18:03:51:705		Tests saved sucsseed
15.01.2020 18:04:16:889		Test writer loaded
15.01.2020 18:17:38:965		Test writer loaded
15.01.2020 18:17:51:84		New lesson created
15.01.2020 18:17:51:568		Tests saved sucsseed
15.01.2020 18:18:19:431		Test writer loaded
15.01.2020 18:18:44:346		New lesson created
15.01.2020 18:18:49:541		New lesson created
15.01.2020 18:18:52:184		New lesson created
15.01.2020 18:21:34:609		Test writer loaded
15.01.2020 18:21:37:168		New lesson created
15.01.2020 18:22:10:948		Test writer loaded
15.01.2020 18:22:13:972		Lesson choose is change
15.01.2020 18:22:30:478		New lesson created
15.01.2020 18:22:32:854		Lesson choose is change
15.01.2020 18:22:33:607		Lesson choose is change
15.01.2020 18:22:35:764		New lesson created
15.01.2020 18:22:36:489		Lesson choose is change
15.01.2020 18:22:36:834		Lesson choose is change
15.01.2020 18:22:40:386		New lesson created
15.01.2020 18:29:55:414		Test writer loaded
15.01.2020 18:29:56:256		Lesson choose is change
15.01.2020 18:30:09:927		Lesson choose is change
15.01.2020 18:30:10:228		Lesson choose is change
15.01.2020 18:30:10:605		Lesson choose is change
15.01.2020 18:30:13:812		Tests saved sucsseed
15.01.2020 18:31:03:964		Test writer loaded
15.01.2020 18:31:05:282		Lesson choose is change
15.01.2020 18:32:47:660		Test writer loaded
15.01.2020 18:32:48:285		Lesson choose is change
