03.09.2020 19:52:27:363		List of lesson is rewrited
03.09.2020 19:52:27:364		Proggram load sucseed number of lesson - 2
03.09.2020 19:52:30:492		Registration is began
03.09.2020 19:52:30:518		Test ClassLibrary2.Lesson is started
03.09.2020 19:52:49:33		Next clicked
03.09.2020 19:52:49:67		Registration is done
03.09.2020 19:53:17:208		Next clicked
03.09.2020 19:53:18:492		Next clicked
03.09.2020 19:53:18:492		Added to pupil list:no
03.09.2020 19:53:18:933		Next clicked
03.09.2020 19:53:18:934		Added to pupil list:no
03.09.2020 19:53:19:364		Next clicked
03.09.2020 19:53:19:364		Added to pupil list:no
03.09.2020 19:53:19:698		Next clicked
03.09.2020 19:53:19:698		Added to pupil list:no
03.09.2020 19:53:19:948		Next clicked
03.09.2020 19:53:19:949		Added to pupil list:no
03.09.2020 19:53:20:184		Next clicked
03.09.2020 19:53:20:184		Added to pupil list:no
03.09.2020 19:53:20:545		Next clicked
03.09.2020 19:53:20:546		Added to pupil list:no
03.09.2020 19:53:20:752		Next clicked
03.09.2020 19:53:20:753		Added to pupil list:no
03.09.2020 19:53:20:941		Next clicked
03.09.2020 19:53:20:942		Added to pupil list:no
03.09.2020 19:53:21:133		Next clicked
03.09.2020 19:53:21:134		Added to pupil list:no
03.09.2020 19:53:21:499		Next clicked
03.09.2020 19:53:21:500		Added to pupil list:no
03.09.2020 19:53:21:714		Next clicked
03.09.2020 19:53:21:715		Added to pupil list:no
03.09.2020 19:53:21:900		Next clicked
03.09.2020 19:53:21:901		Added to pupil list:no
03.09.2020 19:53:22:88		Next clicked
03.09.2020 19:53:22:89		Added to pupil list:no
03.09.2020 19:53:22:313		Next clicked
03.09.2020 19:53:22:314		Added to pupil list:no
03.09.2020 19:53:22:527		Next clicked
03.09.2020 19:53:22:528		Added to pupil list:no
03.09.2020 19:53:22:719		Next clicked
03.09.2020 19:53:22:720		Added to pupil list:no
03.09.2020 19:53:22:937		Next clicked
03.09.2020 19:53:22:937		Added to pupil list:no
03.09.2020 19:53:23:137		Next clicked
03.09.2020 19:53:23:137		Added to pupil list:no
03.09.2020 19:53:23:340		Next clicked
03.09.2020 19:53:23:341		Added to pupil list:no
03.09.2020 19:53:24:397		Next clicked
03.09.2020 19:53:25:581		Next clicked
03.09.2020 19:53:25:582		Added to pupil list:no
03.09.2020 19:53:25:827		Next clicked
03.09.2020 19:53:25:828		Added to pupil list:no
03.09.2020 19:53:26:30		Next clicked
03.09.2020 19:53:26:31		Added to pupil list:no
03.09.2020 19:53:26:217		Next clicked
03.09.2020 19:53:26:218		Added to pupil list:no
03.09.2020 19:53:26:406		Next clicked
03.09.2020 19:53:26:407		Added to pupil list:no
03.09.2020 19:53:26:601		Next clicked
03.09.2020 19:53:26:601		Added to pupil list:no
03.09.2020 19:53:26:799		Next clicked
03.09.2020 19:53:26:800		Added to pupil list:no
03.09.2020 19:53:26:992		Next clicked
03.09.2020 19:53:26:993		Added to pupil list:no
03.09.2020 19:53:27:178		Next clicked
03.09.2020 19:53:27:179		Added to pupil list:no
03.09.2020 19:53:27:365		Next clicked
03.09.2020 19:53:27:366		Added to pupil list:no
03.09.2020 19:53:27:569		Next clicked
03.09.2020 19:53:28:84		Added to pupil list:no
03.09.2020 19:53:28:92		Next clicked
03.09.2020 19:53:28:93		Added to pupil list:no
03.09.2020 19:53:28:102		Next clicked
03.09.2020 19:53:28:102		Added to pupil list:no
03.09.2020 19:53:28:757		Next clicked
03.09.2020 19:53:28:757		Added to pupil list:no
03.09.2020 19:53:29:186		Next clicked
03.09.2020 19:53:29:187		Added to pupil list:no
03.09.2020 19:53:29:386		Next clicked
03.09.2020 19:53:29:389		Added to pupil list:no
03.09.2020 19:53:29:617		Next clicked
03.09.2020 19:53:29:618		Added to pupil list:no
03.09.2020 19:53:31:538		Next clicked
03.09.2020 19:53:31:539		Added to pupil list:no
03.09.2020 19:53:31:743		Next clicked
03.09.2020 19:53:31:743		Added to pupil list:no
03.09.2020 19:53:31:928		Next clicked
03.09.2020 19:53:31:928		Added to pupil list:no
03.09.2020 19:53:33:578		Next clicked
03.09.2020 19:53:34:777		Next clicked
03.09.2020 19:53:34:777		Added to pupil list:no
03.09.2020 19:53:34:970		Next clicked
03.09.2020 19:53:34:970		Added to pupil list:no
03.09.2020 19:53:35:155		Next clicked
03.09.2020 19:53:35:156		Added to pupil list:no
03.09.2020 19:53:35:335		Next clicked
03.09.2020 19:53:35:336		Added to pupil list:no
03.09.2020 19:53:35:499		Next clicked
03.09.2020 19:53:35:500		Added to pupil list:no
03.09.2020 19:53:35:662		Next clicked
03.09.2020 19:53:35:663		Added to pupil list:no
03.09.2020 19:53:35:836		Next clicked
03.09.2020 19:53:35:837		Added to pupil list:no
03.09.2020 19:53:36:6		Next clicked
03.09.2020 19:53:36:7		Added to pupil list:no
03.09.2020 19:53:36:180		Next clicked
03.09.2020 19:53:36:181		Added to pupil list:no
03.09.2020 19:53:36:366		Next clicked
03.09.2020 19:53:36:366		Added to pupil list:no
03.09.2020 19:53:36:541		Next clicked
03.09.2020 19:53:36:542		Added to pupil list:no
03.09.2020 19:53:36:723		Next clicked
03.09.2020 19:53:36:724		Added to pupil list:no
03.09.2020 19:53:36:897		Next clicked
03.09.2020 19:53:36:898		Added to pupil list:no
03.09.2020 19:53:37:96		Next clicked
03.09.2020 19:53:37:97		Added to pupil list:no
03.09.2020 19:53:37:291		Next clicked
03.09.2020 19:53:37:293		Added to pupil list:no
03.09.2020 19:53:37:513		Next clicked
03.09.2020 19:53:37:514		Added to pupil list:no
03.09.2020 19:53:37:697		Next clicked
03.09.2020 19:53:37:698		Added to pupil list:no
03.09.2020 19:53:37:890		Next clicked
03.09.2020 19:53:37:891		Added to pupil list:no
03.09.2020 19:53:38:78		Next clicked
03.09.2020 19:53:38:78		Added to pupil list:no
03.09.2020 19:53:38:259		Next clicked
03.09.2020 19:53:38:260		Added to pupil list:no
03.09.2020 19:53:38:439		Next clicked
03.09.2020 19:53:39:21		Added to pupil list:no
03.09.2020 19:53:39:31		Next clicked
03.09.2020 19:53:39:31		Added to pupil list:no
03.09.2020 19:53:39:40		Next clicked
03.09.2020 19:53:39:41		Added to pupil list:no
03.09.2020 19:53:39:417		Next clicked
03.09.2020 19:53:39:417		Added to pupil list:no
03.09.2020 19:53:39:615		Next clicked
03.09.2020 19:53:39:616		Added to pupil list:no
03.09.2020 19:53:39:706		Picture load failed , load error picture
03.09.2020 19:53:41:176		Next clicked
03.09.2020 19:53:41:185		Picture load failed , load error picture
03.09.2020 19:53:42:25		Next clicked
03.09.2020 19:53:42:88		Picture load failed , load error picture
03.09.2020 19:53:43:57		Next clicked
03.09.2020 19:53:43:58		Added to pupil list:no
03.09.2020 19:53:43:303		Picture load failed , load error picture
03.09.2020 19:53:43:656		Next clicked
03.09.2020 19:53:43:657		Added to pupil list:no
03.09.2020 19:53:43:666		Picture load failed , load error picture
03.09.2020 19:53:44:61		Next clicked
03.09.2020 19:53:44:62		Added to pupil list:no
03.09.2020 19:53:44:95		Picture load failed , load error picture
03.09.2020 19:53:44:281		Next clicked
03.09.2020 19:53:44:282		Added to pupil list:no
03.09.2020 19:53:44:314		Picture load failed , load error picture
03.09.2020 19:53:45:47		Next clicked
03.09.2020 19:53:45:48		Added to pupil list:no
03.09.2020 19:53:45:57		Picture load failed , load error picture
03.09.2020 19:53:45:818		Next clicked
03.09.2020 19:53:45:819		Added to pupil list:no
03.09.2020 19:53:45:828		Picture load failed , load error picture
03.09.2020 19:53:51:478		Next clicked
03.09.2020 19:53:51:479		Added to pupil list:no
03.09.2020 19:53:51:514		Picture load failed , load error picture
03.09.2020 19:53:51:990		Next clicked
03.09.2020 19:53:51:990		Added to pupil list:no
03.09.2020 19:53:52:21		Picture load failed , load error picture
03.09.2020 19:53:52:375		Next clicked
03.09.2020 19:53:52:375		Added to pupil list:no
03.09.2020 19:53:52:385		Picture load failed , load error picture
03.09.2020 19:53:52:624		Next clicked
03.09.2020 19:53:52:624		Added to pupil list:no
03.09.2020 19:53:52:633		Picture load failed , load error picture
03.09.2020 19:53:52:871		Next clicked
03.09.2020 19:53:52:872		Added to pupil list:no
03.09.2020 19:53:52:906		Picture load failed , load error picture
03.09.2020 19:53:53:86		Next clicked
03.09.2020 19:53:53:87		Added to pupil list:no
03.09.2020 19:53:53:96		Picture load failed , load error picture
03.09.2020 19:53:53:338		Next clicked
03.09.2020 19:53:53:339		Added to pupil list:no
03.09.2020 19:53:53:348		Picture load failed , load error picture
03.09.2020 19:53:53:563		Next clicked
03.09.2020 19:53:53:984		Added to pupil list:no
03.09.2020 19:53:53:993		Picture load failed , load error picture
03.09.2020 19:53:53:997		Next clicked
03.09.2020 19:53:53:998		Added to pupil list:no
03.09.2020 19:53:54:10		Picture load failed , load error picture
03.09.2020 19:54:00:724		Next clicked
03.09.2020 19:54:00:725		Added to pupil list:no
03.09.2020 19:54:00:736		Picture load failed , load error picture
03.09.2020 19:54:01:859		Next clicked
03.09.2020 19:54:01:860		Added to pupil list:no
03.09.2020 19:54:02:270		Next clicked
03.09.2020 19:54:02:271		Added to pupil list:no
03.09.2020 19:54:02:302		Picture load failed , load error picture
03.09.2020 19:54:03:621		Next clicked
03.09.2020 19:54:03:622		Added to pupil list:no
03.09.2020 19:54:03:698		Picture load failed , load error picture
03.09.2020 19:54:04:772		Next clicked
03.09.2020 19:54:04:912		Picture load failed , load error picture
03.09.2020 19:54:06:188		Next clicked
03.09.2020 19:54:06:189		Added to pupil list:no
03.09.2020 19:54:06:222		Picture load failed , load error picture
03.09.2020 19:54:06:415		Next clicked
03.09.2020 19:54:06:415		Added to pupil list:no
03.09.2020 19:54:06:425		Picture load failed , load error picture
03.09.2020 19:54:06:622		Next clicked
03.09.2020 19:54:06:623		Added to pupil list:no
03.09.2020 19:54:06:657		Picture load failed , load error picture
03.09.2020 19:54:06:790		Next clicked
03.09.2020 19:54:06:791		Added to pupil list:no
03.09.2020 19:54:06:823		Picture load failed , load error picture
03.09.2020 19:54:06:978		Next clicked
03.09.2020 19:54:06:979		Added to pupil list:no
03.09.2020 19:54:06:988		Picture load failed , load error picture
03.09.2020 19:54:07:165		Next clicked
03.09.2020 19:54:07:166		Added to pupil list:no
03.09.2020 19:54:07:175		Picture load failed , load error picture
03.09.2020 19:54:07:380		Next clicked
03.09.2020 19:54:07:381		Added to pupil list:no
03.09.2020 19:54:07:413		Picture load failed , load error picture
03.09.2020 19:54:07:585		Next clicked
03.09.2020 19:54:07:585		Added to pupil list:no
03.09.2020 19:54:07:594		Picture load failed , load error picture
03.09.2020 19:54:07:948		Next clicked
03.09.2020 19:54:07:949		Added to pupil list:no
03.09.2020 19:54:07:958		Picture load failed , load error picture
03.09.2020 19:54:08:174		Next clicked
03.09.2020 19:54:08:174		Added to pupil list:no
03.09.2020 19:54:08:183		Picture load failed , load error picture
03.09.2020 19:54:08:389		Next clicked
03.09.2020 19:54:08:390		Added to pupil list:no
03.09.2020 19:54:08:400		Picture load failed , load error picture
03.09.2020 19:54:08:570		Next clicked
03.09.2020 19:54:09:3		Added to pupil list:no
03.09.2020 19:54:09:13		Picture load failed , load error picture
03.09.2020 19:54:09:17		Next clicked
03.09.2020 19:54:09:18		Added to pupil list:no
03.09.2020 19:54:09:44		Next clicked
03.09.2020 19:54:09:45		Added to pupil list:no
03.09.2020 19:54:09:55		Picture load failed , load error picture
03.09.2020 19:54:09:239		Next clicked
03.09.2020 19:54:09:240		Added to pupil list:no
03.09.2020 19:54:09:321		Picture load failed , load error picture
03.09.2020 19:54:10:517		Next clicked
03.09.2020 19:54:10:577		Picture load failed , load error picture
03.09.2020 19:54:11:70		Next clicked
03.09.2020 19:54:11:70		Added to pupil list:no
03.09.2020 19:54:11:78		Picture load failed , load error picture
03.09.2020 19:54:11:263		Next clicked
03.09.2020 19:54:11:263		Added to pupil list:no
03.09.2020 19:54:11:272		Picture load failed , load error picture
03.09.2020 19:54:11:548		Next clicked
03.09.2020 19:54:11:548		Added to pupil list:no
03.09.2020 19:54:11:741		Next clicked
03.09.2020 19:54:11:742		Added to pupil list:no
03.09.2020 19:54:11:750		Picture load failed , load error picture
03.09.2020 19:54:11:934		Next clicked
03.09.2020 19:54:11:935		Added to pupil list:no
03.09.2020 19:54:12:16		Picture load failed , load error picture
03.09.2020 19:54:13:403		Next clicked
03.09.2020 19:54:13:458		Picture load failed , load error picture
03.09.2020 19:54:14:32		Next clicked
03.09.2020 19:54:14:33		Added to pupil list:no
03.09.2020 19:54:14:41		Picture load failed , load error picture
03.09.2020 19:54:14:240		Next clicked
03.09.2020 19:54:14:240		Added to pupil list:no
03.09.2020 19:54:14:248		Picture load failed , load error picture
03.09.2020 19:54:14:440		Next clicked
03.09.2020 19:54:14:440		Added to pupil list:no
03.09.2020 19:54:14:627		Next clicked
03.09.2020 19:54:14:628		Added to pupil list:no
03.09.2020 19:54:14:826		Next clicked
03.09.2020 19:54:14:827		Added to pupil list:no
03.09.2020 19:54:14:881		Save local end.Path: Tests\Save.sav
03.09.2020 20:08:31:586		List of lesson is rewrited
03.09.2020 20:08:31:587		Proggram load sucseed number of lesson - 2
03.09.2020 20:08:49:821		Не найдены фалы уроков, проверьте их наличие в соответствующей директории
03.09.2020 20:09:02:624		Не найдены фалы уроков, проверьте их наличие в соответствующей директории
03.09.2020 20:09:15:195		Не найдены фалы уроков, проверьте их наличие в соответствующей директории
03.09.2020 20:09:48:70		Не найдены фалы уроков, проверьте их наличие в соответствующей директории
03.09.2020 20:31:57:917		Не найдены фалы уроков, проверьте их наличие в соответствующей директории
03.09.2020 20:32:35:360		List of lesson is rewrited
03.09.2020 20:32:35:361		Proggram load sucseed number of lesson - 2
03.09.2020 20:34:37:460		Программа загруженна с числом уроков - 2
03.09.2020 20:34:39:377		Registration is began
03.09.2020 20:34:39:408		Test ClassLibrary2.Lesson is started
03.09.2020 20:34:44:763		Next clicked
03.09.2020 20:34:44:790		Registration is done
03.09.2020 20:34:45:574		Next clicked
03.09.2020 20:34:46:467		Next clicked
03.09.2020 20:34:46:468		Added to pupil list:no
03.09.2020 20:35:50:122		Программа загруженна с числом уроков - 2
03.09.2020 20:37:36:78		Программа загруженна с числом уроков - 2
03.09.2020 20:47:14:421		Программа загруженна с числом уроков - 2
03.09.2020 20:47:15:884		Регистрация началась
03.09.2020 20:47:20:457		Next clicked
03.09.2020 20:47:20:486		Registration is done
03.09.2020 20:47:24:351		Программа загруженна с числом уроков - 2
03.09.2020 20:47:26:700		Регистрация началась
03.09.2020 21:07:58:114		Программа загруженна с числом уроков - 2
03.09.2020 21:08:00:113		Регистрация началась
03.09.2020 21:08:31:599		Программа загруженна с числом уроков - 2
03.09.2020 21:08:33:423		Регистрация началась
03.09.2020 21:09:41:229		Программа загруженна с числом уроков - 2
03.09.2020 21:09:51:836		Регистрация началась
03.09.2020 21:09:59:849		Next clicked
03.09.2020 21:10:01:697		Next clicked
03.09.2020 21:10:02:716		Next clicked
03.09.2020 21:10:02:717		Added to pupil list:no
03.09.2020 21:10:02:908		Next clicked
03.09.2020 21:10:02:909		Added to pupil list:no
03.09.2020 21:10:03:101		Next clicked
03.09.2020 21:10:03:101		Added to pupil list:no
03.09.2020 21:10:03:284		Next clicked
03.09.2020 21:10:03:284		Added to pupil list:no
03.09.2020 21:10:03:465		Next clicked
03.09.2020 21:10:03:466		Added to pupil list:no
03.09.2020 21:10:03:655		Next clicked
03.09.2020 21:10:03:656		Added to pupil list:no
03.09.2020 21:10:03:832		Next clicked
03.09.2020 21:10:03:832		Added to pupil list:no
03.09.2020 21:10:04:8		Next clicked
03.09.2020 21:10:04:9		Added to pupil list:no
03.09.2020 21:10:04:195		Next clicked
03.09.2020 21:10:04:196		Added to pupil list:no
03.09.2020 21:10:04:381		Next clicked
03.09.2020 21:10:04:381		Added to pupil list:no
03.09.2020 21:10:04:556		Next clicked
03.09.2020 21:10:04:556		Added to pupil list:no
03.09.2020 21:10:04:738		Next clicked
03.09.2020 21:10:04:739		Added to pupil list:no
03.09.2020 21:10:04:919		Next clicked
03.09.2020 21:10:04:920		Added to pupil list:no
03.09.2020 21:10:05:113		Next clicked
03.09.2020 21:10:05:114		Added to pupil list:no
03.09.2020 21:32:59:935		Программа загруженна с числом уроков - 2
03.09.2020 21:33:02:821		Регистрация началась
03.09.2020 21:34:18:636		Программа загруженна с числом уроков - 2
03.09.2020 21:34:20:109		Регистрация началась
03.09.2020 21:34:21:494		Next clicked
03.09.2020 21:35:54:123		Программа загруженна с числом уроков - 2
03.09.2020 21:35:55:696		Регистрация началась
03.09.2020 21:37:36:263		Программа загруженна с числом уроков - 2
03.09.2020 21:37:37:993		Регистрация началась
03.09.2020 21:37:39:858		Next clicked
03.09.2020 21:37:43:910		Программа загруженна с числом уроков - 2
03.09.2020 21:37:45:323		Регистрация началась
03.09.2020 21:37:46:18		Next clicked
