19.11.2019 17:11:32:683		Application load
19.11.2019 17:11:33:605		Choosen Send IP
19.11.2019 17:11:36:293		Send ip 1 of 11
19.11.2019 17:11:37:295		Send ip 2 of 11
19.11.2019 17:11:38:296		Send ip 3 of 11
19.11.2019 17:11:39:297		Send ip 4 of 11
19.11.2019 17:11:40:298		Send ip 5 of 11
19.11.2019 17:11:41:299		Send ip 6 of 11
19.11.2019 17:11:42:299		Send ip 7 of 11
19.11.2019 17:11:43:301		Send ip 8 of 11
19.11.2019 17:11:44:302		Send ip 9 of 11
19.11.2019 17:11:45:302		Send ip 10 of 11
19.11.2019 17:11:45:305		Sending IP end
20.11.2019 13:51:22:315		Application load
20.11.2019 13:51:24:275		Choosen show on Exel
20.11.2019 13:52:42:190		Application load
20.11.2019 13:52:42:901		Choosen show on Exel
20.11.2019 13:53:08:834		Application load
20.11.2019 13:53:09:991		Choosen show on Exel
20.11.2019 14:00:00:123		Application load
20.11.2019 14:00:02:214		Choosen show on Exel
20.11.2019 14:02:26:881		Application load
20.11.2019 14:02:27:671		Choosen show on Exel
20.11.2019 14:10:15:268		Application load
20.11.2019 14:10:16:653		Choosen show on Exel
20.11.2019 14:11:26:653		Application load
20.11.2019 14:11:27:533		Choosen show on Exel
20.11.2019 14:13:39:844		Application load
20.11.2019 14:13:40:893		Choosen show on Exel
20.11.2019 14:13:53:888		Choosen show on Exel
20.11.2019 14:14:09:511		Application load
20.11.2019 14:14:10:473		Choosen show on Exel
20.11.2019 14:14:15:929		Choosen show on Exel
20.11.2019 14:15:08:400		Application load
20.11.2019 14:15:09:400		Choosen show on Exel
20.11.2019 14:15:35:653		Application load
20.11.2019 14:15:36:667		Choosen show on Exel
20.11.2019 14:16:28:97		Application load
20.11.2019 14:16:29:64		Choosen show on Exel
20.11.2019 14:16:54:124		Application load
20.11.2019 14:16:54:899		Choosen show on Exel
20.11.2019 14:17:10:351		Application load
20.11.2019 14:17:10:693		Choosen show on Exel
20.11.2019 14:17:34:842		Application load
20.11.2019 14:17:35:600		Choosen show on Exel
21.11.2019 13:33:07:110		Application load
21.11.2019 13:33:08:933		Choosen show on Exel
21.11.2019 14:01:24:867		Application load
21.11.2019 14:01:26:585		Choosen Send IP
21.11.2019 14:01:29:994		Choosen wait for connections
21.11.2019 14:01:30:375		Send ip 1 of 61
21.11.2019 14:01:30:811		Wait connection started , pupils - 1
21.11.2019 14:01:31:376		Send ip 2 of 61
21.11.2019 14:01:32:378		Send ip 3 of 61
21.11.2019 14:01:33:379		Send ip 4 of 61
21.11.2019 14:01:34:380		Send ip 5 of 61
21.11.2019 14:01:35:382		Send ip 6 of 61
21.11.2019 14:01:36:383		Send ip 7 of 61
21.11.2019 14:01:37:384		Send ip 8 of 61
21.11.2019 14:01:38:386		Send ip 9 of 61
21.11.2019 14:01:39:387		Send ip 10 of 61
21.11.2019 14:01:40:389		Send ip 11 of 61
21.11.2019 14:01:41:395		Send ip 12 of 61
21.11.2019 14:01:42:397		Send ip 13 of 61
21.11.2019 14:01:43:399		Send ip 14 of 61
21.11.2019 14:01:44:400		Send ip 15 of 61
21.11.2019 14:01:45:401		Send ip 16 of 61
21.11.2019 14:01:46:403		Send ip 17 of 61
21.11.2019 14:01:47:405		Send ip 18 of 61
21.11.2019 14:01:48:406		Send ip 19 of 61
21.11.2019 14:01:49:407		Send ip 20 of 61
21.11.2019 14:01:50:409		Send ip 21 of 61
21.11.2019 14:01:51:410		Send ip 22 of 61
21.11.2019 14:01:52:411		Send ip 23 of 61
21.11.2019 14:01:53:412		Send ip 24 of 61
21.11.2019 14:01:54:413		Send ip 25 of 61
21.11.2019 14:01:55:414		Send ip 26 of 61
21.11.2019 14:01:56:416		Send ip 27 of 61
21.11.2019 14:01:57:417		Send ip 28 of 61
21.11.2019 14:01:58:419		Send ip 29 of 61
21.11.2019 14:01:59:420		Send ip 30 of 61
21.11.2019 14:02:00:421		Send ip 31 of 61
21.11.2019 14:02:01:422		Send ip 32 of 61
21.11.2019 14:02:02:424		Send ip 33 of 61
21.11.2019 14:02:03:426		Send ip 34 of 61
21.11.2019 14:02:04:427		Send ip 35 of 61
21.11.2019 14:02:05:428		Send ip 36 of 61
21.11.2019 14:02:06:430		Send ip 37 of 61
21.11.2019 14:02:07:431		Send ip 38 of 61
21.11.2019 14:02:08:433		Send ip 39 of 61
21.11.2019 14:02:09:434		Send ip 40 of 61
21.11.2019 14:02:10:435		Send ip 41 of 61
21.11.2019 14:02:11:436		Send ip 42 of 61
21.11.2019 14:02:12:438		Send ip 43 of 61
21.11.2019 14:02:13:362		Send OK to try-connection request
21.11.2019 14:02:13:439		Send ip 44 of 61
21.11.2019 14:02:14:441		Send ip 45 of 61
21.11.2019 14:02:15:442		Send ip 46 of 61
21.11.2019 14:02:16:443		Send ip 47 of 61
21.11.2019 14:02:17:444		Send ip 48 of 61
21.11.2019 14:02:18:445		Send ip 49 of 61
21.11.2019 14:02:19:447		Send ip 50 of 61
21.11.2019 14:02:20:448		Send ip 51 of 61
21.11.2019 14:02:21:450		Send ip 52 of 61
21.11.2019 14:02:22:452		Send ip 53 of 61
21.11.2019 14:02:23:453		Send ip 54 of 61
21.11.2019 14:02:24:454		Send ip 55 of 61
21.11.2019 14:02:25:455		Send ip 56 of 61
21.11.2019 14:02:26:457		Send ip 57 of 61
21.11.2019 14:02:26:890		Pupil 0 data is get
21.11.2019 14:02:26:891		Wait connection end , all pupils send data
21.11.2019 14:04:21:451		Application load
21.11.2019 14:04:25:749		Choosen Send IP
21.11.2019 14:04:27:222		Choosen wait for connections
21.11.2019 14:04:27:576		Wait connection started , pupils - 1
21.11.2019 14:04:27:723		Send ip 1 of 61
21.11.2019 14:04:28:724		Send ip 2 of 61
21.11.2019 14:04:29:726		Send ip 3 of 61
21.11.2019 14:04:30:727		Send ip 4 of 61
21.11.2019 14:04:31:728		Send ip 5 of 61
21.11.2019 14:04:32:729		Send ip 6 of 61
21.11.2019 14:04:33:730		Send ip 7 of 61
21.11.2019 14:04:34:732		Send ip 8 of 61
21.11.2019 14:04:35:732		Send ip 9 of 61
21.11.2019 14:04:36:733		Send ip 10 of 61
21.11.2019 14:04:37:734		Send ip 11 of 61
21.11.2019 14:04:38:735		Send ip 12 of 61
21.11.2019 14:04:39:737		Send ip 13 of 61
21.11.2019 14:04:40:402		Send OK to try-connection request
21.11.2019 14:04:40:739		Send ip 14 of 61
21.11.2019 14:04:41:739		Send ip 15 of 61
21.11.2019 14:04:42:740		Send ip 16 of 61
21.11.2019 14:04:43:742		Send ip 17 of 61
21.11.2019 14:04:44:743		Send ip 18 of 61
21.11.2019 14:04:45:745		Send ip 19 of 61
21.11.2019 14:04:46:747		Send ip 20 of 61
21.11.2019 14:04:47:749		Send ip 21 of 61
21.11.2019 14:04:48:750		Send ip 22 of 61
21.11.2019 14:04:49:751		Send ip 23 of 61
21.11.2019 14:04:50:753		Send ip 24 of 61
21.11.2019 14:04:51:754		Send ip 25 of 61
21.11.2019 14:04:52:755		Send ip 26 of 61
21.11.2019 14:04:53:756		Send ip 27 of 61
21.11.2019 14:04:54:757		Send ip 28 of 61
21.11.2019 14:04:54:778		Pupil 0 data is get
21.11.2019 14:04:54:779		Wait connection end , all pupils send data
21.11.2019 14:05:23:898		Application load
21.11.2019 14:05:25:559		Choosen wait for connections
21.11.2019 14:05:26:859		Wait connection started , pupils - 1
21.11.2019 14:05:44:200		Pupil 0 data is get
21.11.2019 14:05:44:201		Wait connection end , all pupils send data
21.11.2019 14:08:08:973		Application load
21.11.2019 14:09:02:635		Application load
21.11.2019 14:09:22:635		Application load
21.11.2019 14:09:24:280		Choosen wait for connections
21.11.2019 14:09:24:641		Wait connection started , pupils - 1
21.11.2019 14:10:08:593		Pupil 0 data is get
21.11.2019 14:10:08:594		Wait connection end , all pupils send data
